<?xml version="1.0" ?>
<coverage branch-rate="0.06755" branches-covered="194" branches-valid="2872" complexity="0" line-rate="0.1109" lines-covered="1065" lines-valid="9601" timestamp="1614093103866" version="5.4">
	<!-- Generated by coverage.py: https://coverage.readthedocs.io -->
	<!-- Based on https://raw.githubusercontent.com/cobertura/web/master/htdocs/xml/coverage-04.dtd -->
	<sources>
		<source>C:\Users\lindb\OneDrive\Skrivbord\DD2480 software engineering\Assignments\A3 Anders path\scrapy\scrapy</source>
	</sources>
	<packages>
		<package branch-rate="0.02792" complexity="0" line-rate="0.07249" name=".">
			<classes>
				<class branch-rate="0.75" complexity="0" filename="__init__.py" line-rate="0.8947" name="__init__.py">
					<methods/>
					<lines>
						<line hits="1" number="5"/>
						<line hits="1" number="6"/>
						<line hits="1" number="7"/>
						<line hits="1" number="9"/>
						<line hits="1" number="12"/>
						<line hits="1" number="13"/>
						<line hits="1" number="14"/>
						<line hits="1" number="15"/>
						<line hits="1" number="18"/>
						<line hits="1" number="25"/>
						<line branch="true" condition-coverage="100% (2/2)" hits="1" number="26"/>
						<line hits="1" number="27"/>
						<line branch="true" condition-coverage="50% (1/2)" hits="1" missing-branches="32" number="31"/>
						<line hits="0" number="32"/>
						<line hits="0" number="33"/>
						<line hits="1" number="37"/>
						<line hits="1" number="40"/>
						<line hits="1" number="41"/>
						<line hits="1" number="42"/>
					</lines>
				</class>
				<class branch-rate="0" complexity="0" filename="__main__.py" line-rate="0" name="__main__.py">
					<methods/>
					<lines>
						<line hits="0" number="1"/>
						<line branch="true" condition-coverage="0% (0/2)" hits="0" missing-branches="exit,4" number="3"/>
						<line hits="0" number="4"/>
					</lines>
				</class>
				<class branch-rate="0" complexity="0" filename="cmdline.py" line-rate="0" name="cmdline.py">
					<methods/>
					<lines>
						<line hits="0" number="1"/>
						<line hits="0" number="2"/>
						<line hits="0" number="3"/>
						<line hits="0" number="4"/>
						<line hits="0" number="5"/>
						<line hits="0" number="6"/>
						<line hits="0" number="8"/>
						<line hits="0" number="9"/>
						<line hits="0" number="10"/>
						<line hits="0" number="11"/>
						<line hits="0" number="12"/>
						<line hits="0" number="13"/>
						<line hits="0" number="14"/>
						<line hits="0" number="17"/>
						<line branch="true" condition-coverage="0% (0/2)" hits="0" missing-branches="exit,21" number="20"/>
						<line branch="true" condition-coverage="0% (0/2)" hits="0" missing-branches="20,22" number="21"/>
						<line branch="true" condition-coverage="0% (0/2)" hits="0" missing-branches="21,28" number="22"/>
						<line hits="0" number="28"/>
						<line hits="0" number="31"/>
						<line hits="0" number="32"/>
						<line branch="true" condition-coverage="0% (0/2)" hits="0" missing-branches="34,37" number="33"/>
						<line branch="true" condition-coverage="0% (0/2)" hits="0" missing-branches="33,35" number="34"/>
						<line hits="0" number="35"/>
						<line hits="0" number="36"/>
						<line hits="0" number="37"/>
						<line hits="0" number="40"/>
						<line hits="0" number="41"/>
						<line branch="true" condition-coverage="0% (0/2)" hits="0" missing-branches="43,48" number="42"/>
						<line hits="0" number="43"/>
						<line branch="true" condition-coverage="0% (0/2)" hits="0" missing-branches="45,47" number="44"/>
						<line hits="0" number="45"/>
						<line hits="0" number="47"/>
						<line hits="0" number="48"/>
						<line hits="0" number="51"/>
						<line hits="0" number="52"/>
						<line hits="0" number="53"/>
						<line hits="0" number="54"/>
						<line branch="true" condition-coverage="0% (0/2)" hits="0" missing-branches="56,57" number="55"/>
						<line hits="0" number="56"/>
						<line hits="0" number="57"/>
						<line hits="0" number="60"/>
						<line hits="0" number="61"/>
						<line branch="true" condition-coverage="0% (0/2)" hits="0" missing-branches="exit,63" number="62"/>
						<line branch="true" condition-coverage="0% (0/2)" hits="0" missing-branches="64,66" number="63"/>
						<line hits="0" number="64"/>
						<line hits="0" number="65"/>
						<line hits="0" number="66"/>
						<line hits="0" number="69"/>
						<line hits="0" number="70"/>
						<line branch="true" condition-coverage="0% (0/2)" hits="0" missing-branches="72,74" number="71"/>
						<line hits="0" number="72"/>
						<line hits="0" number="74"/>
						<line hits="0" number="77"/>
						<line hits="0" number="78"/>
						<line hits="0" number="79"/>
						<line hits="0" number="80"/>
						<line hits="0" number="81"/>
						<line hits="0" number="82"/>
						<line branch="true" condition-coverage="0% (0/2)" hits="0" missing-branches="84,85" number="83"/>
						<line hits="0" number="84"/>
						<line branch="true" condition-coverage="0% (0/2)" hits="0" missing-branches="86,88" number="85"/>
						<line hits="0" number="86"/>
						<line hits="0" number="87"/>
						<line hits="0" number="88"/>
						<line hits="0" number="89"/>
						<line hits="0" number="92"/>
						<line hits="0" number="93"/>
						<line hits="0" number="94"/>
						<line hits="0" number="95"/>
						<line hits="0" number="98"/>
						<line hits="0" number="99"/>
						<line hits="0" number="100"/>
						<line hits="0" number="101"/>
						<line branch="true" condition-coverage="0% (0/2)" hits="0" missing-branches="103,104" number="102"/>
						<line hits="0" number="103"/>
						<line branch="true" condition-coverage="0% (0/2)" hits="0" missing-branches="105,106" number="104"/>
						<line hits="0" number="105"/>
						<line hits="0" number="106"/>
						<line hits="0" number="109"/>
						<line branch="true" condition-coverage="0% (0/2)" hits="0" missing-branches="111,113" number="110"/>
						<line hits="0" number="111"/>
						<line branch="true" condition-coverage="0% (0/2)" hits="0" missing-branches="114,123" number="113"/>
						<line hits="0" number="114"/>
						<line hits="0" number="116"/>
						<line hits="0" number="117"/>
						<line hits="0" number="118"/>
						<line hits="0" number="119"/>
						<line hits="0" number="121"/>
						<line hits="0" number="123"/>
						<line hits="0" number="124"/>
						<line hits="0" number="125"/>
						<line hits="0" number="126"/>
						<line branch="true" condition-coverage="0% (0/2)" hits="0" missing-branches="129,131" number="128"/>
						<line hits="0" number="129"/>
						<line hits="0" number="130"/>
						<line branch="true" condition-coverage="0% (0/2)" hits="0" missing-branches="132,135" number="131"/>
						<line hits="0" number="132"/>
						<line hits="0" number="133"/>
						<line hits="0" number="135"/>
						<line hits="0" number="136"/>
						<line hits="0" number="137"/>
						<line hits="0" number="138"/>
						<line hits="0" number="139"/>
						<line hits="0" number="140"/>
						<line hits="0" number="141"/>
						<line hits="0" number="142"/>
						<line hits="0" number="144"/>
						<line hits="0" number="145"/>
						<line hits="0" number="146"/>
						<line hits="0" number="149"/>
						<line branch="true" condition-coverage="0% (0/2)" hits="0" missing-branches="151,153" number="150"/>
						<line hits="0" number="151"/>
						<line hits="0" number="153"/>
						<line hits="0" number="156"/>
						<line branch="true" condition-coverage="0% (0/2)" hits="0" missing-branches="158,159" number="157"/>
						<line hits="0" number="158"/>
						<line hits="0" number="159"/>
						<line hits="0" number="160"/>
						<line hits="0" number="161"/>
						<line branch="true" condition-coverage="0% (0/2)" hits="0" missing-branches="exit,163" number="162"/>
						<line hits="0" number="163"/>
						<line branch="true" condition-coverage="0% (0/2)" hits="0" missing-branches="exit,167" number="166"/>
						<line hits="0" number="167"/>
						<line hits="0" number="168"/>
						<line hits="0" number="173"/>
					</lines>
				</class>
				<class branch-rate="0" complexity="0" filename="crawler.py" line-rate="0" name="crawler.py">
					<methods/>
					<lines>
						<line hits="0" number="1"/>
						<line hits="0" number="2"/>
						<line hits="0" number="3"/>
						<line hits="0" number="4"/>
						<line hits="0" number="6"/>
						<line hits="0" number="7"/>
						<line hits="0" number="9"/>
						<line hits="0" number="11"/>
						<line hits="0" number="12"/>
						<line hits="0" number="13"/>
						<line hits="0" number="15"/>
						<line hits="0" number="17"/>
						<line hits="0" number="18"/>
						<line hits="0" number="19"/>
						<line hits="0" number="20"/>
						<line hits="0" number="21"/>
						<line hits="0" number="22"/>
						<line hits="0" number="23"/>
						<line hits="0" number="24"/>
						<line hits="0" number="31"/>
						<line hits="0" number="32"/>
						<line hits="0" number="33"/>
						<line hits="0" number="36"/>
						<line hits="0" number="39"/>
						<line hits="0" number="41"/>
						<line branch="true" condition-coverage="0% (0/2)" hits="0" missing-branches="43,45" number="42"/>
						<line hits="0" number="43"/>
						<line branch="true" condition-coverage="0% (0/2)" hits="0" missing-branches="46,48" number="45"/>
						<line hits="0" number="46"/>
						<line hits="0" number="48"/>
						<line hits="0" number="49"/>
						<line hits="0" number="50"/>
						<line hits="0" number="52"/>
						<line hits="0" number="53"/>
						<line hits="0" number="55"/>
						<line hits="0" number="56"/>
						<line hits="0" number="58"/>
						<line hits="0" number="59"/>
						<line branch="true" condition-coverage="0% (0/2)" hits="0" missing-branches="64,67" number="62"/>
						<line hits="0" number="64"/>
						<line branch="true" condition-coverage="0% (0/2)" hits="0" missing-branches="exit,68" number="67"/>
						<line hits="0" number="68"/>
						<line hits="0" number="70"/>
						<line hits="0" number="71"/>
						<line hits="0" number="72"/>
						<line hits="0" number="74"/>
						<line hits="0" number="75"/>
						<line hits="0" number="76"/>
						<line hits="0" number="77"/>
						<line hits="0" number="79"/>
						<line branch="true" condition-coverage="0% (0/2)" hits="0" missing-branches="82,83" number="81"/>
						<line hits="0" number="82"/>
						<line hits="0" number="83"/>
						<line hits="0" number="85"/>
						<line hits="0" number="86"/>
						<line hits="0" number="87"/>
						<line hits="0" number="88"/>
						<line hits="0" number="89"/>
						<line hits="0" number="90"/>
						<line hits="0" number="91"/>
						<line hits="0" number="92"/>
						<line branch="true" condition-coverage="0% (0/2)" hits="0" missing-branches="94,95" number="93"/>
						<line hits="0" number="94"/>
						<line hits="0" number="95"/>
						<line hits="0" number="97"/>
						<line hits="0" number="98"/>
						<line hits="0" number="100"/>
						<line branch="true" condition-coverage="0% (0/2)" hits="0" missing-branches="exit,exit" number="101"/>
						<line hits="0" number="103"/>
						<line branch="true" condition-coverage="0% (0/2)" hits="0" missing-branches="exit,108" number="107"/>
						<line hits="0" number="108"/>
						<line hits="0" number="109"/>
						<line hits="0" number="112"/>
						<line branch="true" condition-coverage="0% (0/2)" hits="0" missing-branches="exit,131" number="125"/>
						<line hits="0" number="131"/>
						<line hits="0" number="134"/>
						<line hits="0" number="135"/>
						<line hits="0" number="136"/>
						<line hits="0" number="137"/>
						<line hits="0" number="138"/>
						<line hits="0" number="139"/>
						<line hits="0" number="140"/>
						<line hits="0" number="146"/>
						<line hits="0" number="148"/>
						<line branch="true" condition-coverage="0% (0/2)" hits="0" missing-branches="150,151" number="149"/>
						<line hits="0" number="150"/>
						<line hits="0" number="151"/>
						<line hits="0" number="152"/>
						<line hits="0" number="153"/>
						<line hits="0" number="154"/>
						<line hits="0" number="155"/>
						<line hits="0" number="156"/>
						<line hits="0" number="158"/>
						<line hits="0" number="160"/>
						<line hits="0" number="163"/>
						<line hits="0" number="165"/>
						<line branch="true" condition-coverage="0% (0/2)" hits="0" missing-branches="188,191" number="187"/>
						<line hits="0" number="188"/>
						<line hits="0" number="191"/>
						<line hits="0" number="192"/>
						<line hits="0" number="194"/>
						<line hits="0" number="195"/>
						<line hits="0" number="196"/>
						<line hits="0" number="197"/>
						<line hits="0" number="199"/>
						<line hits="0" number="200"/>
						<line hits="0" number="201"/>
						<line hits="0" number="202"/>
						<line hits="0" number="203"/>
						<line hits="0" number="205"/>
						<line hits="0" number="207"/>
						<line branch="true" condition-coverage="0% (0/2)" hits="0" missing-branches="219,222" number="218"/>
						<line hits="0" number="219"/>
						<line branch="true" condition-coverage="0% (0/2)" hits="0" missing-branches="223,224" number="222"/>
						<line hits="0" number="223"/>
						<line hits="0" number="224"/>
						<line hits="0" number="226"/>
						<line branch="true" condition-coverage="0% (0/2)" hits="0" missing-branches="228,229" number="227"/>
						<line hits="0" number="228"/>
						<line hits="0" number="229"/>
						<line hits="0" number="231"/>
						<line branch="true" condition-coverage="0% (0/2)" hits="0" missing-branches="exit,exit" number="237"/>
						<line hits="0" number="239"/>
						<line branch="true" condition-coverage="0% (0/2)" hits="0" missing-branches="exit,248" number="247"/>
						<line hits="0" number="248"/>
						<line hits="0" number="250"/>
						<line branch="true" condition-coverage="0% (0/2)" hits="0" missing-branches="exit,252" number="251"/>
						<line hits="0" number="252"/>
						<line hits="0" number="255"/>
						<line hits="0" number="279"/>
						<line hits="0" number="280"/>
						<line hits="0" number="281"/>
						<line hits="0" number="282"/>
						<line hits="0" number="283"/>
						<line hits="0" number="285"/>
						<line hits="0" number="286"/>
						<line hits="0" number="287"/>
						<line hits="0" number="288"/>
						<line hits="0" number="289"/>
						<line hits="0" number="291"/>
						<line hits="0" number="293"/>
						<line hits="0" number="294"/>
						<line hits="0" number="295"/>
						<line hits="0" number="296"/>
						<line hits="0" number="297"/>
						<line hits="0" number="299"/>
						<line hits="0" number="301"/>
						<line hits="0" number="313"/>
						<line branch="true" condition-coverage="0% (0/2)" hits="0" missing-branches="315,321" number="314"/>
						<line hits="0" number="315"/>
						<line branch="true" condition-coverage="0% (0/2)" hits="0" missing-branches="318,319" number="317"/>
						<line hits="0" number="318"/>
						<line hits="0" number="319"/>
						<line hits="0" number="321"/>
						<line hits="0" number="322"/>
						<line hits="0" number="323"/>
						<line hits="0" number="324"/>
						<line hits="0" number="325"/>
						<line hits="0" number="326"/>
						<line hits="0" number="327"/>
						<line hits="0" number="329"/>
						<line hits="0" number="330"/>
						<line hits="0" number="331"/>
						<line hits="0" number="332"/>
						<line hits="0" number="334"/>
						<line hits="0" number="335"/>
						<line hits="0" number="336"/>
						<line hits="0" number="337"/>
						<line hits="0" number="338"/>
						<line hits="0" number="339"/>
						<line hits="0" number="341"/>
						<line branch="true" condition-coverage="0% (0/2)" hits="0" missing-branches="343,344" number="342"/>
						<line hits="0" number="343"/>
						<line hits="0" number="344"/>
					</lines>
				</class>
				<class branch-rate="0" complexity="0" filename="dupefilters.py" line-rate="0" name="dupefilters.py">
					<methods/>
					<lines>
						<line hits="0" number="1"/>
						<line hits="0" number="2"/>
						<line hits="0" number="4"/>
						<line hits="0" number="5"/>
						<line hits="0" number="8"/>
						<line hits="0" number="10"/>
						<line hits="0" number="12"/>
						<line hits="0" number="14"/>
						<line hits="0" number="15"/>
						<line hits="0" number="17"/>
						<line hits="0" number="18"/>
						<line hits="0" number="20"/>
						<line hits="0" number="21"/>
						<line hits="0" number="23"/>
						<line hits="0" number="24"/>
						<line hits="0" number="27"/>
						<line hits="0" number="30"/>
						<line hits="0" number="31"/>
						<line hits="0" number="32"/>
						<line hits="0" number="33"/>
						<line hits="0" number="34"/>
						<line hits="0" number="35"/>
						<line branch="true" condition-coverage="0% (0/2)" hits="0" missing-branches="exit,37" number="36"/>
						<line hits="0" number="37"/>
						<line hits="0" number="38"/>
						<line branch="true" condition-coverage="0% (0/2)" hits="0" missing-branches="exit,exit" number="39"/>
						<line hits="0" number="41"/>
						<line hits="0" number="43"/>
						<line hits="0" number="44"/>
						<line hits="0" number="46"/>
						<line hits="0" number="47"/>
						<line branch="true" condition-coverage="0% (0/2)" hits="0" missing-branches="49,50" number="48"/>
						<line hits="0" number="49"/>
						<line hits="0" number="50"/>
						<line branch="true" condition-coverage="0% (0/2)" hits="0" missing-branches="exit,52" number="51"/>
						<line hits="0" number="52"/>
						<line hits="0" number="54"/>
						<line hits="0" number="55"/>
						<line hits="0" number="57"/>
						<line branch="true" condition-coverage="0% (0/2)" hits="0" missing-branches="exit,59" number="58"/>
						<line hits="0" number="59"/>
						<line hits="0" number="61"/>
						<line branch="true" condition-coverage="0% (0/2)" hits="0" missing-branches="63,66" number="62"/>
						<line hits="0" number="63"/>
						<line hits="0" number="64"/>
						<line hits="0" number="65"/>
						<line branch="true" condition-coverage="0% (0/2)" hits="0" missing-branches="67,73" number="66"/>
						<line hits="0" number="67"/>
						<line hits="0" number="70"/>
						<line hits="0" number="71"/>
						<line hits="0" number="73"/>
					</lines>
				</class>
				<class branch-rate="1" complexity="0" filename="exceptions.py" line-rate="0.7778" name="exceptions.py">
					<methods/>
					<lines>
						<line hits="1" number="11"/>
						<line hits="1" number="13"/>
						<line hits="1" number="16"/>
						<line hits="1" number="21"/>
						<line hits="1" number="27"/>
						<line hits="1" number="31"/>
						<line hits="1" number="33"/>
						<line hits="1" number="36"/>
						<line hits="1" number="39"/>
						<line hits="0" number="40"/>
						<line hits="0" number="41"/>
						<line hits="1" number="44"/>
						<line hits="1" number="51"/>
						<line hits="0" number="52"/>
						<line hits="0" number="53"/>
						<line hits="1" number="59"/>
						<line hits="1" number="61"/>
						<line hits="1" number="64"/>
						<line hits="1" number="66"/>
						<line hits="1" number="72"/>
						<line hits="1" number="75"/>
						<line hits="0" number="76"/>
						<line hits="0" number="77"/>
						<line hits="1" number="80"/>
						<line hits="1" number="84"/>
						<line hits="1" number="87"/>
						<line hits="1" number="89"/>
					</lines>
				</class>
				<class branch-rate="0" complexity="0" filename="exporters.py" line-rate="0" name="exporters.py">
					<methods/>
					<lines>
						<line hits="0" number="5"/>
						<line hits="0" number="6"/>
						<line hits="0" number="7"/>
						<line hits="0" number="8"/>
						<line hits="0" number="9"/>
						<line hits="0" number="10"/>
						<line hits="0" number="11"/>
						<line hits="0" number="13"/>
						<line hits="0" number="15"/>
						<line hits="0" number="16"/>
						<line hits="0" number="17"/>
						<line hits="0" number="18"/>
						<line hits="0" number="21"/>
						<line hits="0" number="26"/>
						<line hits="0" number="28"/>
						<line hits="0" number="29"/>
						<line hits="0" number="30"/>
						<line hits="0" number="32"/>
						<line hits="0" number="37"/>
						<line hits="0" number="38"/>
						<line hits="0" number="39"/>
						<line hits="0" number="40"/>
						<line branch="true" condition-coverage="0% (0/2)" hits="0" missing-branches="exit,42" number="41"/>
						<line hits="0" number="42"/>
						<line hits="0" number="44"/>
						<line hits="0" number="45"/>
						<line hits="0" number="47"/>
						<line branch="true" condition-coverage="0% (0/2)" hits="0" missing-branches="exit,49" number="48"/>
						<line hits="0" number="49"/>
						<line hits="0" number="51"/>
						<line hits="0" number="52"/>
						<line hits="0" number="54"/>
						<line hits="0" number="55"/>
						<line hits="0" number="57"/>
						<line hits="0" number="61"/>
						<line branch="true" condition-coverage="0% (0/2)" hits="0" missing-branches="64,66" number="63"/>
						<line hits="0" number="64"/>
						<line branch="true" condition-coverage="0% (0/2)" hits="0" missing-branches="67,72" number="66"/>
						<line branch="true" condition-coverage="0% (0/2)" hits="0" missing-branches="68,70" number="67"/>
						<line hits="0" number="68"/>
						<line hits="0" number="70"/>
						<line branch="true" condition-coverage="0% (0/2)" hits="0" missing-branches="73,75" number="72"/>
						<line hits="0" number="73"/>
						<line branch="true" condition-coverage="0% (0/2)" hits="0" missing-branches="exit,77" number="75"/>
						<line branch="true" condition-coverage="0% (0/2)" hits="0" missing-branches="exit,78" number="77"/>
						<line branch="true" condition-coverage="0% (0/2)" hits="0" missing-branches="79,82" number="78"/>
						<line hits="0" number="79"/>
						<line hits="0" number="80"/>
						<line hits="0" number="82"/>
						<line hits="0" number="84"/>
						<line hits="0" number="87"/>
						<line hits="0" number="89"/>
						<line hits="0" number="90"/>
						<line hits="0" number="91"/>
						<line hits="0" number="92"/>
						<line hits="0" number="93"/>
						<line hits="0" number="95"/>
						<line hits="0" number="96"/>
						<line hits="0" number="97"/>
						<line hits="0" number="98"/>
						<line hits="0" number="101"/>
						<line hits="0" number="103"/>
						<line hits="0" number="104"/>
						<line hits="0" number="105"/>
						<line hits="0" number="109"/>
						<line hits="0" number="110"/>
						<line hits="0" number="111"/>
						<line hits="0" number="112"/>
						<line hits="0" number="113"/>
						<line hits="0" number="115"/>
						<line branch="true" condition-coverage="0% (0/2)" hits="0" missing-branches="exit,117" number="116"/>
						<line hits="0" number="117"/>
						<line hits="0" number="119"/>
						<line hits="0" number="120"/>
						<line hits="0" number="121"/>
						<line hits="0" number="123"/>
						<line hits="0" number="124"/>
						<line hits="0" number="125"/>
						<line hits="0" number="127"/>
						<line branch="true" condition-coverage="0% (0/2)" hits="0" missing-branches="129,131" number="128"/>
						<line hits="0" number="129"/>
						<line hits="0" number="131"/>
						<line hits="0" number="132"/>
						<line hits="0" number="133"/>
						<line hits="0" number="134"/>
						<line hits="0" number="135"/>
						<line hits="0" number="138"/>
						<line hits="0" number="140"/>
						<line hits="0" number="141"/>
						<line hits="0" number="142"/>
						<line hits="0" number="143"/>
						<line branch="true" condition-coverage="0% (0/2)" hits="0" missing-branches="145,146" number="144"/>
						<line hits="0" number="145"/>
						<line hits="0" number="146"/>
						<line hits="0" number="148"/>
						<line branch="true" condition-coverage="0% (0/2)" hits="0" missing-branches="exit,150" number="149"/>
						<line hits="0" number="150"/>
						<line hits="0" number="152"/>
						<line branch="true" condition-coverage="0% (0/2)" hits="0" missing-branches="exit,154" number="153"/>
						<line hits="0" number="154"/>
						<line hits="0" number="156"/>
						<line hits="0" number="157"/>
						<line hits="0" number="158"/>
						<line hits="0" number="159"/>
						<line hits="0" number="161"/>
						<line hits="0" number="162"/>
						<line hits="0" number="163"/>
						<line hits="0" number="164"/>
						<line branch="true" condition-coverage="0% (0/2)" hits="0" missing-branches="166,167" number="165"/>
						<line hits="0" number="166"/>
						<line hits="0" number="167"/>
						<line hits="0" number="168"/>
						<line hits="0" number="169"/>
						<line hits="0" number="171"/>
						<line hits="0" number="172"/>
						<line hits="0" number="173"/>
						<line hits="0" number="175"/>
						<line hits="0" number="176"/>
						<line hits="0" number="177"/>
						<line branch="true" condition-coverage="0% (0/2)" hits="0" missing-branches="179,183" number="178"/>
						<line hits="0" number="179"/>
						<line branch="true" condition-coverage="0% (0/2)" hits="0" missing-branches="181,182" number="180"/>
						<line hits="0" number="181"/>
						<line hits="0" number="182"/>
						<line branch="true" condition-coverage="0% (0/2)" hits="0" missing-branches="184,188" number="183"/>
						<line hits="0" number="184"/>
						<line branch="true" condition-coverage="0% (0/2)" hits="0" missing-branches="186,187" number="185"/>
						<line hits="0" number="186"/>
						<line hits="0" number="187"/>
						<line branch="true" condition-coverage="0% (0/2)" hits="0" missing-branches="189,191" number="188"/>
						<line hits="0" number="189"/>
						<line hits="0" number="191"/>
						<line hits="0" number="192"/>
						<line hits="0" number="193"/>
						<line hits="0" number="196"/>
						<line hits="0" number="198"/>
						<line hits="0" number="199"/>
						<line branch="true" condition-coverage="0% (0/2)" hits="0" missing-branches="201,202" number="200"/>
						<line hits="0" number="201"/>
						<line hits="0" number="202"/>
						<line hits="0" number="203"/>
						<line hits="0" number="211"/>
						<line hits="0" number="212"/>
						<line hits="0" number="213"/>
						<line hits="0" number="215"/>
						<line hits="0" number="216"/>
						<line hits="0" number="217"/>
						<line hits="0" number="219"/>
						<line branch="true" condition-coverage="0% (0/2)" hits="0" missing-branches="221,225" number="220"/>
						<line hits="0" number="221"/>
						<line hits="0" number="222"/>
						<line hits="0" number="223"/>
						<line hits="0" number="224"/>
						<line hits="0" number="225"/>
						<line hits="0" number="227"/>
						<line branch="true" condition-coverage="0% (0/2)" hits="0" missing-branches="229,232" number="228"/>
						<line hits="0" number="229"/>
						<line hits="0" number="230"/>
						<line hits="0" number="232"/>
						<line branch="true" condition-coverage="0% (0/2)" hits="0" missing-branches="exit,235" number="234"/>
						<line hits="0" number="235"/>
						<line hits="0" number="237"/>
						<line branch="true" condition-coverage="0% (0/2)" hits="0" missing-branches="exit,239" number="238"/>
						<line hits="0" number="239"/>
						<line hits="0" number="240"/>
						<line hits="0" number="241"/>
						<line hits="0" number="242"/>
						<line hits="0" number="244"/>
						<line branch="true" condition-coverage="0% (0/2)" hits="0" missing-branches="exit,246" number="245"/>
						<line branch="true" condition-coverage="0% (0/2)" hits="0" missing-branches="248,249" number="246"/>
						<line hits="0" number="248"/>
						<line hits="0" number="249"/>
						<line hits="0" number="250"/>
						<line hits="0" number="253"/>
						<line hits="0" number="255"/>
						<line hits="0" number="256"/>
						<line hits="0" number="257"/>
						<line hits="0" number="258"/>
						<line hits="0" number="260"/>
						<line hits="0" number="261"/>
						<line hits="0" number="262"/>
						<line hits="0" number="265"/>
						<line hits="0" number="274"/>
						<line hits="0" number="275"/>
						<line hits="0" number="276"/>
						<line hits="0" number="278"/>
						<line hits="0" number="279"/>
						<line hits="0" number="282"/>
						<line hits="0" number="284"/>
						<line hits="0" number="285"/>
						<line hits="0" number="286"/>
						<line hits="0" number="288"/>
						<line hits="0" number="289"/>
						<line hits="0" number="290"/>
						<line hits="0" number="293"/>
						<line hits="0" number="303"/>
						<line hits="0" number="304"/>
						<line hits="0" number="305"/>
						<line branch="true" condition-coverage="0% (0/2)" hits="0" missing-branches="307,310" number="306"/>
						<line hits="0" number="307"/>
						<line branch="true" condition-coverage="0% (0/2)" hits="0" missing-branches="exit,311" number="310"/>
						<line hits="0" number="311"/>
						<line hits="0" number="313"/>
						<line hits="0" number="314"/>
						<line hits="0" number="315"/>
						<line hits="0" number="317"/>
						<line branch="true" condition-coverage="0% (0/2)" hits="0" missing-branches="319,320" number="318"/>
						<line hits="0" number="319"/>
						<line branch="true" condition-coverage="0% (0/2)" hits="0" missing-branches="321,322" number="320"/>
						<line hits="0" number="321"/>
						<line branch="true" condition-coverage="0% (0/2)" hits="0" missing-branches="323,324" number="322"/>
						<line branch="true" condition-coverage="0% (0/2)" hits="0" missing-branches="exit,exit" number="323"/>
						<line hits="0" number="324"/>
						<line branch="true" condition-coverage="0% (0/2)" hits="0" missing-branches="326,327" number="325"/>
						<line hits="0" number="326"/>
						<line hits="0" number="327"/>
						<line hits="0" number="329"/>
						<line branch="true" condition-coverage="0% (0/2)" hits="0" missing-branches="exit,331" number="330"/>
						<line hits="0" number="331"/>
						<line hits="0" number="332"/>
						<line hits="0" number="334"/>
						<line hits="0" number="335"/>
						<line branch="true" condition-coverage="0% (0/2)" hits="0" missing-branches="337,338" number="336"/>
						<line hits="0" number="337"/>
						<line hits="0" number="338"/>
					</lines>
				</class>
				<class branch-rate="1" complexity="0" filename="extension.py" line-rate="0" name="extension.py">
					<methods/>
					<lines>
						<line hits="0" number="6"/>
						<line hits="0" number="7"/>
						<line hits="0" number="10"/>
						<line hits="0" number="12"/>
						<line hits="0" number="14"/>
						<line hits="0" number="16"/>
					</lines>
				</class>
				<class branch-rate="1" complexity="0" filename="interfaces.py" line-rate="0" name="interfaces.py">
					<methods/>
					<lines>
						<line hits="0" number="1"/>
						<line hits="0" number="4"/>
						<line hits="0" number="6"/>
						<line hits="0" number="9"/>
						<line hits="0" number="13"/>
						<line hits="0" number="17"/>
					</lines>
				</class>
				<class branch-rate="0.3077" complexity="0" filename="item.py" line-rate="0.5949" name="item.py">
					<methods/>
					<lines>
						<line hits="1" number="7"/>
						<line hits="1" number="8"/>
						<line hits="1" number="9"/>
						<line hits="1" number="10"/>
						<line hits="1" number="11"/>
						<line hits="1" number="13"/>
						<line hits="1" number="14"/>
						<line hits="1" number="17"/>
						<line hits="1" number="22"/>
						<line hits="1" number="25"/>
						<line hits="1" number="26"/>
						<line branch="true" condition-coverage="0% (0/2)" hits="0" missing-branches="28,30" number="27"/>
						<line hits="0" number="28"/>
						<line hits="0" number="30"/>
						<line hits="1" number="33"/>
						<line hits="1" number="38"/>
						<line branch="true" condition-coverage="0% (0/2)" hits="0" missing-branches="40,42" number="39"/>
						<line hits="0" number="40"/>
						<line hits="0" number="42"/>
						<line hits="1" number="45"/>
						<line hits="1" number="49"/>
						<line hits="1" number="55"/>
						<line hits="1" number="56"/>
						<line branch="true" condition-coverage="100% (2/2)" hits="1" number="57"/>
						<line hits="1" number="58"/>
						<line hits="1" number="60"/>
						<line hits="1" number="61"/>
						<line branch="true" condition-coverage="100% (2/2)" hits="1" number="62"/>
						<line hits="1" number="63"/>
						<line branch="true" condition-coverage="50% (1/2)" hits="1" missing-branches="65" number="64"/>
						<line hits="0" number="65"/>
						<line branch="true" condition-coverage="100% (2/2)" hits="1" number="66"/>
						<line hits="1" number="67"/>
						<line hits="1" number="69"/>
						<line hits="1" number="70"/>
						<line branch="true" condition-coverage="50% (1/2)" hits="1" missing-branches="72" number="71"/>
						<line hits="0" number="72"/>
						<line hits="1" number="73"/>
						<line hits="1" number="76"/>
						<line hits="1" number="78"/>
						<line hits="1" number="80"/>
						<line branch="true" condition-coverage="0% (0/2)" hits="0" missing-branches="82,84" number="81"/>
						<line hits="0" number="82"/>
						<line hits="0" number="84"/>
						<line hits="1" number="86"/>
						<line hits="0" number="87"/>
						<line branch="true" condition-coverage="0% (0/2)" hits="0" missing-branches="exit,89" number="88"/>
						<line branch="true" condition-coverage="0% (0/2)" hits="0" missing-branches="exit,90" number="89"/>
						<line hits="0" number="90"/>
						<line hits="1" number="92"/>
						<line hits="0" number="93"/>
						<line hits="1" number="95"/>
						<line branch="true" condition-coverage="0% (0/2)" hits="0" missing-branches="97,99" number="96"/>
						<line hits="0" number="97"/>
						<line hits="0" number="99"/>
						<line hits="1" number="101"/>
						<line hits="0" number="102"/>
						<line hits="1" number="104"/>
						<line branch="true" condition-coverage="0% (0/2)" hits="0" missing-branches="106,107" number="105"/>
						<line hits="0" number="106"/>
						<line hits="0" number="107"/>
						<line hits="1" number="109"/>
						<line branch="true" condition-coverage="0% (0/2)" hits="0" missing-branches="111,112" number="110"/>
						<line hits="0" number="111"/>
						<line hits="0" number="112"/>
						<line hits="1" number="114"/>
						<line hits="0" number="115"/>
						<line hits="1" number="117"/>
						<line hits="0" number="118"/>
						<line hits="1" number="120"/>
						<line hits="1" number="122"/>
						<line hits="0" number="123"/>
						<line hits="1" number="125"/>
						<line hits="0" number="126"/>
						<line hits="1" number="128"/>
						<line hits="0" number="129"/>
						<line hits="1" number="131"/>
						<line hits="0" number="134"/>
						<line hits="1" number="137"/>
					</lines>
				</class>
				<class branch-rate="0" complexity="0" filename="link.py" line-rate="0.375" name="link.py">
					<methods/>
					<lines>
						<line hits="1" number="9"/>
						<line hits="1" number="27"/>
						<line hits="1" number="29"/>
						<line branch="true" condition-coverage="0% (0/2)" hits="0" missing-branches="31,33" number="30"/>
						<line hits="0" number="31"/>
						<line hits="0" number="32"/>
						<line hits="0" number="33"/>
						<line hits="0" number="34"/>
						<line hits="0" number="35"/>
						<line hits="0" number="36"/>
						<line hits="1" number="38"/>
						<line hits="0" number="39"/>
						<line hits="1" number="46"/>
						<line hits="0" number="47"/>
						<line hits="1" number="49"/>
						<line hits="0" number="50"/>
					</lines>
				</class>
				<class branch-rate="0" complexity="0" filename="logformatter.py" line-rate="0" name="logformatter.py">
					<methods/>
					<lines>
						<line hits="0" number="1"/>
						<line hits="0" number="2"/>
						<line hits="0" number="4"/>
						<line hits="0" number="6"/>
						<line hits="0" number="8"/>
						<line hits="0" number="9"/>
						<line hits="0" number="10"/>
						<line hits="0" number="11"/>
						<line hits="0" number="12"/>
						<line hits="0" number="13"/>
						<line hits="0" number="14"/>
						<line hits="0" number="17"/>
						<line hits="0" number="55"/>
						<line hits="0" number="57"/>
						<line hits="0" number="58"/>
						<line hits="0" number="59"/>
						<line hits="0" number="73"/>
						<line branch="true" condition-coverage="0% (0/2)" hits="0" missing-branches="76,78" number="75"/>
						<line hits="0" number="76"/>
						<line hits="0" number="78"/>
						<line hits="0" number="79"/>
						<line hits="0" number="88"/>
						<line hits="0" number="90"/>
						<line hits="0" number="99"/>
						<line hits="0" number="105"/>
						<line hits="0" number="113"/>
						<line hits="0" number="118"/>
						<line hits="0" number="127"/>
						<line hits="0" number="133"/>
						<line branch="true" condition-coverage="0% (0/2)" hits="0" missing-branches="135,138" number="134"/>
						<line hits="0" number="135"/>
						<line hits="0" number="136"/>
						<line hits="0" number="138"/>
						<line hits="0" number="139"/>
						<line hits="0" number="145"/>
						<line hits="0" number="147"/>
					</lines>
				</class>
				<class branch-rate="0" complexity="0" filename="mail.py" line-rate="0" name="mail.py">
					<methods/>
					<lines>
						<line hits="0" number="6"/>
						<line hits="0" number="7"/>
						<line hits="0" number="8"/>
						<line hits="0" number="9"/>
						<line hits="0" number="10"/>
						<line hits="0" number="11"/>
						<line hits="0" number="12"/>
						<line hits="0" number="13"/>
						<line hits="0" number="15"/>
						<line hits="0" number="17"/>
						<line hits="0" number="18"/>
						<line hits="0" number="21"/>
						<line hits="0" number="24"/>
						<line branch="true" condition-coverage="0% (0/2)" hits="0" missing-branches="26,27" number="25"/>
						<line hits="0" number="26"/>
						<line hits="0" number="27"/>
						<line hits="0" number="30"/>
						<line hits="0" number="31"/>
						<line hits="0" number="35"/>
						<line hits="0" number="36"/>
						<line hits="0" number="37"/>
						<line hits="0" number="38"/>
						<line hits="0" number="39"/>
						<line hits="0" number="40"/>
						<line hits="0" number="41"/>
						<line hits="0" number="42"/>
						<line hits="0" number="44"/>
						<line hits="0" number="46"/>
						<line hits="0" number="56"/>
						<line hits="0" number="57"/>
						<line branch="true" condition-coverage="0% (0/2)" hits="0" missing-branches="59,61" number="58"/>
						<line hits="0" number="59"/>
						<line hits="0" number="61"/>
						<line hits="0" number="63"/>
						<line hits="0" number="64"/>
						<line hits="0" number="66"/>
						<line hits="0" number="67"/>
						<line hits="0" number="68"/>
						<line hits="0" number="69"/>
						<line hits="0" number="70"/>
						<line branch="true" condition-coverage="0% (0/2)" hits="0" missing-branches="72,75" number="71"/>
						<line hits="0" number="72"/>
						<line hits="0" number="73"/>
						<line branch="true" condition-coverage="0% (0/2)" hits="0" missing-branches="76,78" number="75"/>
						<line hits="0" number="76"/>
						<line branch="true" condition-coverage="0% (0/2)" hits="0" missing-branches="79,87" number="78"/>
						<line hits="0" number="79"/>
						<line branch="true" condition-coverage="0% (0/2)" hits="0" missing-branches="81,89" number="80"/>
						<line hits="0" number="81"/>
						<line hits="0" number="82"/>
						<line hits="0" number="83"/>
						<line hits="0" number="84"/>
						<line hits="0" number="85"/>
						<line hits="0" number="87"/>
						<line branch="true" condition-coverage="0% (0/2)" hits="0" missing-branches="90,92" number="89"/>
						<line hits="0" number="90"/>
						<line branch="true" condition-coverage="0% (0/2)" hits="0" missing-branches="93,99" number="92"/>
						<line hits="0" number="93"/>
						<line hits="0" number="97"/>
						<line hits="0" number="99"/>
						<line hits="0" number="100"/>
						<line branch="true" condition-coverage="0% (0/2)" hits="0" missing-branches="exit,107" number="106"/>
						<line hits="0" number="107"/>
						<line hits="0" number="109"/>
						<line hits="0" number="110"/>
						<line hits="0" number="115"/>
						<line hits="0" number="116"/>
						<line hits="0" number="117"/>
						<line hits="0" number="123"/>
						<line hits="0" number="125"/>
						<line hits="0" number="126"/>
						<line hits="0" number="127"/>
						<line hits="0" number="128"/>
						<line hits="0" number="129"/>
						<line hits="0" number="133"/>
						<line branch="true" condition-coverage="0% (0/2)" hits="0" missing-branches="136,138" number="135"/>
						<line hits="0" number="136"/>
						<line hits="0" number="138"/>
						<line hits="0" number="140"/>
					</lines>
				</class>
				<class branch-rate="0" complexity="0" filename="middleware.py" line-rate="0" name="middleware.py">
					<methods/>
					<lines>
						<line hits="0" number="1"/>
						<line hits="0" number="2"/>
						<line hits="0" number="3"/>
						<line hits="0" number="5"/>
						<line hits="0" number="6"/>
						<line hits="0" number="7"/>
						<line hits="0" number="9"/>
						<line hits="0" number="12"/>
						<line hits="0" number="15"/>
						<line hits="0" number="17"/>
						<line hits="0" number="18"/>
						<line hits="0" number="19"/>
						<line branch="true" condition-coverage="0% (0/2)" hits="0" missing-branches="exit,21" number="20"/>
						<line hits="0" number="21"/>
						<line hits="0" number="23"/>
						<line hits="0" number="25"/>
						<line hits="0" number="27"/>
						<line hits="0" number="28"/>
						<line hits="0" number="29"/>
						<line hits="0" number="30"/>
						<line hits="0" number="31"/>
						<line branch="true" condition-coverage="0% (0/2)" hits="0" missing-branches="33,45" number="32"/>
						<line hits="0" number="33"/>
						<line hits="0" number="34"/>
						<line hits="0" number="35"/>
						<line hits="0" number="36"/>
						<line hits="0" number="37"/>
						<line hits="0" number="38"/>
						<line branch="true" condition-coverage="0% (0/2)" hits="0" missing-branches="32,40" number="39"/>
						<line hits="0" number="40"/>
						<line hits="0" number="41"/>
						<line hits="0" number="45"/>
						<line hits="0" number="49"/>
						<line hits="0" number="51"/>
						<line hits="0" number="53"/>
						<line hits="0" number="55"/>
						<line branch="true" condition-coverage="0% (0/2)" hits="0" missing-branches="57,58" number="56"/>
						<line hits="0" number="57"/>
						<line branch="true" condition-coverage="0% (0/2)" hits="0" missing-branches="exit,59" number="58"/>
						<line hits="0" number="59"/>
						<line hits="0" number="61"/>
						<line hits="0" number="62"/>
						<line hits="0" number="64"/>
						<line hits="0" number="65"/>
						<line hits="0" number="67"/>
						<line hits="0" number="68"/>
						<line hits="0" number="71"/>
						<line hits="0" number="72"/>
						<line hits="0" number="74"/>
						<line hits="0" number="75"/>
					</lines>
				</class>
				<class branch-rate="0" complexity="0" filename="pqueues.py" line-rate="0" name="pqueues.py">
					<methods/>
					<lines>
						<line hits="0" number="1"/>
						<line hits="0" number="2"/>
						<line hits="0" number="4"/>
						<line hits="0" number="6"/>
						<line hits="0" number="9"/>
						<line branch="true" condition-coverage="0% (0/2)" hits="0" missing-branches="exit,24" number="20"/>
						<line hits="0" number="24"/>
						<line hits="0" number="25"/>
						<line hits="0" number="28"/>
						<line hits="0" number="51"/>
						<line hits="0" number="52"/>
						<line hits="0" number="53"/>
						<line hits="0" number="55"/>
						<line hits="0" number="56"/>
						<line hits="0" number="57"/>
						<line hits="0" number="58"/>
						<line hits="0" number="59"/>
						<line hits="0" number="60"/>
						<line hits="0" number="61"/>
						<line hits="0" number="63"/>
						<line branch="true" condition-coverage="0% (0/2)" hits="0" missing-branches="65,67" number="64"/>
						<line hits="0" number="65"/>
						<line branch="true" condition-coverage="0% (0/2)" hits="0" missing-branches="68,70" number="67"/>
						<line hits="0" number="68"/>
						<line hits="0" number="70"/>
						<line hits="0" number="72"/>
						<line hits="0" number="73"/>
						<line hits="0" number="78"/>
						<line hits="0" number="79"/>
						<line hits="0" number="81"/>
						<line hits="0" number="82"/>
						<line branch="true" condition-coverage="0% (0/2)" hits="0" missing-branches="84,85" number="83"/>
						<line hits="0" number="84"/>
						<line hits="0" number="85"/>
						<line hits="0" number="86"/>
						<line branch="true" condition-coverage="0% (0/2)" hits="0" missing-branches="exit,88" number="87"/>
						<line hits="0" number="88"/>
						<line hits="0" number="90"/>
						<line branch="true" condition-coverage="0% (0/2)" hits="0" missing-branches="92,93" number="91"/>
						<line hits="0" number="92"/>
						<line hits="0" number="93"/>
						<line hits="0" number="94"/>
						<line branch="true" condition-coverage="0% (0/2)" hits="0" missing-branches="96,100" number="95"/>
						<line hits="0" number="96"/>
						<line hits="0" number="97"/>
						<line branch="true" condition-coverage="0% (0/2)" hits="0" missing-branches="exit,99" number="98"/>
						<line hits="0" number="99"/>
						<line hits="0" number="100"/>
						<line hits="0" number="102"/>
						<line hits="0" number="103"/>
						<line branch="true" condition-coverage="0% (0/2)" hits="0" missing-branches="105,107" number="104"/>
						<line hits="0" number="105"/>
						<line hits="0" number="106"/>
						<line hits="0" number="107"/>
						<line hits="0" number="109"/>
						<line branch="true" condition-coverage="0% (0/2)" hits="0" missing-branches="exit,exit" number="110"/>
						<line hits="0" number="113"/>
						<line hits="0" number="115"/>
						<line hits="0" number="116"/>
						<line hits="0" number="118"/>
						<line branch="true" condition-coverage="0% (0/2)" hits="0" missing-branches="exit,exit" number="119"/>
						<line hits="0" number="122"/>
						<line hits="0" number="123"/>
						<line hits="0" number="125"/>
						<line branch="true" condition-coverage="0% (0/2)" hits="0" missing-branches="128,129" number="127"/>
						<line hits="0" number="128"/>
						<line hits="0" number="129"/>
						<line hits="0" number="132"/>
						<line hits="0" number="138"/>
						<line hits="0" number="139"/>
						<line hits="0" number="140"/>
						<line hits="0" number="142"/>
						<line branch="true" condition-coverage="0% (0/2)" hits="0" missing-branches="144,146" number="143"/>
						<line hits="0" number="144"/>
						<line branch="true" condition-coverage="0% (0/2)" hits="0" missing-branches="147,155" number="146"/>
						<line hits="0" number="147"/>
						<line hits="0" number="155"/>
						<line hits="0" number="156"/>
						<line hits="0" number="157"/>
						<line hits="0" number="158"/>
						<line hits="0" number="160"/>
						<line branch="true" condition-coverage="0% (0/2)" hits="0" missing-branches="exit,162" number="161"/>
						<line hits="0" number="162"/>
						<line hits="0" number="164"/>
						<line hits="0" number="165"/>
						<line hits="0" number="170"/>
						<line hits="0" number="171"/>
						<line branch="true" condition-coverage="0% (0/2)" hits="0" missing-branches="174,176" number="173"/>
						<line hits="0" number="174"/>
						<line hits="0" number="176"/>
						<line hits="0" number="177"/>
						<line hits="0" number="178"/>
						<line branch="true" condition-coverage="0% (0/2)" hits="0" missing-branches="180,181" number="179"/>
						<line hits="0" number="180"/>
						<line hits="0" number="181"/>
						<line hits="0" number="183"/>
						<line hits="0" number="184"/>
						<line branch="true" condition-coverage="0% (0/2)" hits="0" missing-branches="186,187" number="185"/>
						<line hits="0" number="186"/>
						<line hits="0" number="187"/>
						<line hits="0" number="188"/>
						<line hits="0" number="190"/>
						<line branch="true" condition-coverage="0% (0/2)" hits="0" missing-branches="exit,193" number="191"/>
						<line hits="0" number="193"/>
						<line hits="0" number="194"/>
						<line hits="0" number="196"/>
						<line branch="true" condition-coverage="0% (0/2)" hits="0" missing-branches="exit,exit" number="197"/>
						<line hits="0" number="199"/>
						<line hits="0" number="200"/>
					</lines>
				</class>
				<class branch-rate="0" complexity="0" filename="resolver.py" line-rate="0" name="resolver.py">
					<methods/>
					<lines>
						<line hits="0" number="1"/>
						<line hits="0" number="2"/>
						<line hits="0" number="3"/>
						<line hits="0" number="4"/>
						<line hits="0" number="6"/>
						<line hits="0" number="10"/>
						<line branch="true" condition-coverage="0% (0/2)" hits="0" missing-branches="14,15" number="13"/>
						<line hits="0" number="14"/>
						<line hits="0" number="19"/>
						<line hits="0" number="20"/>
						<line hits="0" number="21"/>
						<line hits="0" number="22"/>
						<line hits="0" number="24"/>
						<line branch="true" condition-coverage="0% (0/2)" hits="0" missing-branches="27,29" number="26"/>
						<line hits="0" number="27"/>
						<line hits="0" number="29"/>
						<line hits="0" number="30"/>
						<line hits="0" number="32"/>
						<line hits="0" number="33"/>
						<line hits="0" number="35"/>
						<line branch="true" condition-coverage="0% (0/2)" hits="0" missing-branches="37,42" number="36"/>
						<line hits="0" number="37"/>
						<line hits="0" number="42"/>
						<line hits="0" number="43"/>
						<line branch="true" condition-coverage="0% (0/2)" hits="0" missing-branches="45,46" number="44"/>
						<line hits="0" number="45"/>
						<line hits="0" number="46"/>
						<line hits="0" number="48"/>
						<line hits="0" number="49"/>
						<line hits="0" number="50"/>
						<line branch="true" condition-coverage="0% (0/2)" hits="0" missing-branches="55,62" number="53"/>
						<line hits="0" number="55"/>
						<line hits="0" number="56"/>
						<line hits="0" number="58"/>
						<line hits="0" number="59"/>
						<line branch="true" condition-coverage="0% (0/2)" hits="0" missing-branches="64,83" number="62"/>
						<line hits="0" number="64"/>
						<line hits="0" number="65"/>
						<line hits="0" number="66"/>
						<line hits="0" number="67"/>
						<line hits="0" number="69"/>
						<line hits="0" number="70"/>
						<line hits="0" number="71"/>
						<line hits="0" number="73"/>
						<line hits="0" number="74"/>
						<line hits="0" number="75"/>
						<line hits="0" number="77"/>
						<line hits="0" number="78"/>
						<line branch="true" condition-coverage="0% (0/2)" hits="0" missing-branches="exit,80" number="79"/>
						<line hits="0" number="80"/>
						<line branch="true" condition-coverage="0% (0/2)" hits="0" missing-branches="exit,85" number="83"/>
						<line hits="0" number="90"/>
						<line hits="0" number="91"/>
						<line hits="0" number="92"/>
						<line hits="0" number="93"/>
						<line hits="0" number="95"/>
						<line branch="true" condition-coverage="0% (0/2)" hits="0" missing-branches="98,100" number="97"/>
						<line hits="0" number="98"/>
						<line hits="0" number="100"/>
						<line hits="0" number="101"/>
						<line hits="0" number="103"/>
						<line hits="0" number="104"/>
						<line hits="0" number="106"/>
						<line hits="0" number="109"/>
						<line hits="0" number="110"/>
						<line hits="0" number="111"/>
						<line hits="0" number="112"/>
						<line hits="0" number="120"/>
						<line branch="true" condition-coverage="0% (0/2)" hits="0" missing-branches="122,123" number="121"/>
						<line hits="0" number="122"/>
						<line hits="0" number="123"/>
						<line hits="0" number="124"/>
					</lines>
				</class>
				<class branch-rate="0" complexity="0" filename="responsetypes.py" line-rate="0" name="responsetypes.py">
					<methods/>
					<lines>
						<line hits="0" number="5"/>
						<line hits="0" number="6"/>
						<line hits="0" number="7"/>
						<line hits="0" number="9"/>
						<line hits="0" number="10"/>
						<line hits="0" number="11"/>
						<line hits="0" number="14"/>
						<line hits="0" number="16"/>
						<line hits="0" number="33"/>
						<line hits="0" number="34"/>
						<line hits="0" number="35"/>
						<line hits="0" number="36"/>
						<line hits="0" number="37"/>
						<line branch="true" condition-coverage="0% (0/2)" hits="0" missing-branches="exit,39" number="38"/>
						<line hits="0" number="39"/>
						<line hits="0" number="41"/>
						<line branch="true" condition-coverage="0% (0/2)" hits="0" missing-branches="44,45" number="43"/>
						<line hits="0" number="44"/>
						<line branch="true" condition-coverage="0% (0/2)" hits="0" missing-branches="46,48" number="45"/>
						<line hits="0" number="46"/>
						<line hits="0" number="48"/>
						<line hits="0" number="49"/>
						<line hits="0" number="51"/>
						<line branch="true" condition-coverage="0% (0/2)" hits="0" missing-branches="55,56" number="54"/>
						<line hits="0" number="55"/>
						<line hits="0" number="56"/>
						<line hits="0" number="57"/>
						<line hits="0" number="59"/>
						<line hits="0" number="60"/>
						<line hits="0" number="61"/>
						<line hits="0" number="64"/>
						<line hits="0" number="65"/>
						<line hits="0" number="66"/>
						<line hits="0" number="68"/>
						<line hits="0" number="71"/>
						<line branch="true" condition-coverage="0% (0/2)" hits="0" missing-branches="73,77" number="72"/>
						<line hits="0" number="73"/>
						<line branch="true" condition-coverage="0% (0/2)" hits="0" missing-branches="78,79" number="77"/>
						<line hits="0" number="78"/>
						<line hits="0" number="79"/>
						<line hits="0" number="81"/>
						<line hits="0" number="83"/>
						<line branch="true" condition-coverage="0% (0/2)" hits="0" missing-branches="85,87" number="84"/>
						<line hits="0" number="85"/>
						<line hits="0" number="87"/>
						<line hits="0" number="89"/>
						<line hits="0" number="94"/>
						<line hits="0" number="95"/>
						<line branch="true" condition-coverage="0% (0/2)" hits="0" missing-branches="97,98" number="96"/>
						<line hits="0" number="97"/>
						<line branch="true" condition-coverage="0% (0/2)" hits="0" missing-branches="99,100" number="98"/>
						<line hits="0" number="99"/>
						<line branch="true" condition-coverage="0% (0/2)" hits="0" missing-branches="101,103" number="100"/>
						<line hits="0" number="101"/>
						<line hits="0" number="103"/>
						<line hits="0" number="105"/>
						<line hits="0" number="108"/>
						<line branch="true" condition-coverage="0% (0/2)" hits="0" missing-branches="110,111" number="109"/>
						<line hits="0" number="110"/>
						<line branch="true" condition-coverage="0% (0/2)" hits="0" missing-branches="112,113" number="111"/>
						<line hits="0" number="112"/>
						<line branch="true" condition-coverage="0% (0/2)" hits="0" missing-branches="114,115" number="113"/>
						<line hits="0" number="114"/>
						<line branch="true" condition-coverage="0% (0/2)" hits="0" missing-branches="116,117" number="115"/>
						<line hits="0" number="116"/>
						<line hits="0" number="117"/>
						<line hits="0" number="120"/>
					</lines>
				</class>
				<class branch-rate="0" complexity="0" filename="robotstxt.py" line-rate="0" name="robotstxt.py">
					<methods/>
					<lines>
						<line hits="0" number="1"/>
						<line hits="0" number="2"/>
						<line hits="0" number="3"/>
						<line hits="0" number="5"/>
						<line hits="0" number="8"/>
						<line hits="0" number="11"/>
						<line hits="0" number="12"/>
						<line branch="true" condition-coverage="0% (0/2)" hits="0" missing-branches="14,16" number="13"/>
						<line hits="0" number="14"/>
						<line hits="0" number="16"/>
						<line hits="0" number="17"/>
						<line hits="0" number="20"/>
						<line hits="0" number="26"/>
						<line hits="0" number="27"/>
						<line hits="0" number="30"/>
						<line hits="0" number="31"/>
						<line hits="0" number="32"/>
						<line hits="0" number="43"/>
						<line hits="0" number="45"/>
						<line hits="0" number="55"/>
						<line hits="0" number="58"/>
						<line hits="0" number="59"/>
						<line hits="0" number="60"/>
						<line hits="0" number="61"/>
						<line hits="0" number="62"/>
						<line hits="0" number="63"/>
						<line hits="0" number="64"/>
						<line hits="0" number="66"/>
						<line hits="0" number="68"/>
						<line hits="0" number="69"/>
						<line hits="0" number="70"/>
						<line hits="0" number="72"/>
						<line hits="0" number="73"/>
						<line hits="0" number="74"/>
						<line hits="0" number="75"/>
						<line hits="0" number="78"/>
						<line hits="0" number="79"/>
						<line hits="0" number="80"/>
						<line hits="0" number="81"/>
						<line hits="0" number="82"/>
						<line hits="0" number="84"/>
						<line hits="0" number="86"/>
						<line hits="0" number="87"/>
						<line hits="0" number="88"/>
						<line hits="0" number="90"/>
						<line hits="0" number="91"/>
						<line hits="0" number="94"/>
						<line hits="0" number="95"/>
						<line hits="0" number="96"/>
						<line hits="0" number="97"/>
						<line hits="0" number="98"/>
						<line hits="0" number="99"/>
						<line hits="0" number="100"/>
						<line hits="0" number="102"/>
						<line hits="0" number="104"/>
						<line hits="0" number="105"/>
						<line hits="0" number="106"/>
						<line hits="0" number="108"/>
						<line hits="0" number="109"/>
						<line hits="0" number="110"/>
						<line hits="0" number="111"/>
						<line hits="0" number="114"/>
						<line hits="0" number="115"/>
						<line hits="0" number="116"/>
						<line hits="0" number="117"/>
						<line hits="0" number="118"/>
						<line hits="0" number="119"/>
						<line hits="0" number="121"/>
						<line hits="0" number="123"/>
						<line hits="0" number="124"/>
						<line hits="0" number="125"/>
						<line hits="0" number="127"/>
						<line hits="0" number="128"/>
						<line hits="0" number="129"/>
						<line hits="0" number="130"/>
					</lines>
				</class>
				<class branch-rate="0" complexity="0" filename="shell.py" line-rate="0" name="shell.py">
					<methods/>
					<lines>
						<line hits="0" number="6"/>
						<line hits="0" number="7"/>
						<line hits="0" number="9"/>
						<line hits="0" number="10"/>
						<line hits="0" number="11"/>
						<line hits="0" number="12"/>
						<line hits="0" number="14"/>
						<line hits="0" number="15"/>
						<line hits="0" number="16"/>
						<line hits="0" number="17"/>
						<line hits="0" number="18"/>
						<line hits="0" number="19"/>
						<line hits="0" number="20"/>
						<line hits="0" number="21"/>
						<line hits="0" number="22"/>
						<line hits="0" number="23"/>
						<line hits="0" number="26"/>
						<line hits="0" number="28"/>
						<line hits="0" number="30"/>
						<line hits="0" number="31"/>
						<line branch="true" condition-coverage="0% (0/2)" hits="0" missing-branches="exit,33" number="32"/>
						<line hits="0" number="33"/>
						<line hits="0" number="34"/>
						<line hits="0" number="35"/>
						<line hits="0" number="36"/>
						<line hits="0" number="37"/>
						<line hits="0" number="39"/>
						<line hits="0" number="41"/>
						<line branch="true" condition-coverage="0% (0/2)" hits="0" missing-branches="43,44" number="42"/>
						<line hits="0" number="43"/>
						<line branch="true" condition-coverage="0% (0/2)" hits="0" missing-branches="45,46" number="44"/>
						<line hits="0" number="45"/>
						<line branch="true" condition-coverage="0% (0/2)" hits="0" missing-branches="47,50" number="46"/>
						<line hits="0" number="47"/>
						<line hits="0" number="48"/>
						<line hits="0" number="50"/>
						<line branch="true" condition-coverage="0% (0/2)" hits="0" missing-branches="52,63" number="51"/>
						<line hits="0" number="52"/>
						<line hits="0" number="63"/>
						<line hits="0" number="64"/>
						<line hits="0" number="65"/>
						<line hits="0" number="66"/>
						<line branch="true" condition-coverage="0% (0/2)" hits="0" missing-branches="68,69" number="67"/>
						<line hits="0" number="68"/>
						<line branch="true" condition-coverage="0% (0/2)" hits="0" missing-branches="70,72" number="69"/>
						<line hits="0" number="70"/>
						<line hits="0" number="72"/>
						<line hits="0" number="74"/>
						<line hits="0" number="75"/>
						<line hits="0" number="78"/>
						<line hits="0" number="79"/>
						<line hits="0" number="80"/>
						<line branch="true" condition-coverage="0% (0/2)" hits="0" missing-branches="exit,82" number="81"/>
						<line hits="0" number="82"/>
						<line hits="0" number="83"/>
						<line hits="0" number="85"/>
						<line branch="true" condition-coverage="0% (0/2)" hits="0" missing-branches="87,89" number="86"/>
						<line hits="0" number="87"/>
						<line branch="true" condition-coverage="0% (0/2)" hits="0" missing-branches="90,92" number="89"/>
						<line hits="0" number="90"/>
						<line hits="0" number="92"/>
						<line hits="0" number="93"/>
						<line hits="0" number="94"/>
						<line hits="0" number="95"/>
						<line hits="0" number="97"/>
						<line hits="0" number="98"/>
						<line branch="true" condition-coverage="0% (0/2)" hits="0" missing-branches="100,102" number="99"/>
						<line hits="0" number="100"/>
						<line hits="0" number="102"/>
						<line hits="0" number="103"/>
						<line branch="true" condition-coverage="0% (0/2)" hits="0" missing-branches="105,107" number="104"/>
						<line hits="0" number="105"/>
						<line hits="0" number="107"/>
						<line hits="0" number="108"/>
						<line hits="0" number="109"/>
						<line hits="0" number="110"/>
						<line hits="0" number="112"/>
						<line hits="0" number="113"/>
						<line hits="0" number="114"/>
						<line hits="0" number="116"/>
						<line hits="0" number="117"/>
						<line hits="0" number="119"/>
						<line hits="0" number="120"/>
						<line hits="0" number="121"/>
						<line hits="0" number="122"/>
						<line hits="0" number="123"/>
						<line hits="0" number="124"/>
						<line hits="0" number="125"/>
						<line branch="true" condition-coverage="0% (0/2)" hits="0" missing-branches="127,128" number="126"/>
						<line hits="0" number="127"/>
						<line hits="0" number="128"/>
						<line hits="0" number="129"/>
						<line hits="0" number="130"/>
						<line branch="true" condition-coverage="0% (0/2)" hits="0" missing-branches="exit,132" number="131"/>
						<line hits="0" number="132"/>
						<line hits="0" number="134"/>
						<line hits="0" number="135"/>
						<line hits="0" number="137"/>
						<line hits="0" number="138"/>
						<line hits="0" number="139"/>
						<line hits="0" number="140"/>
						<line branch="true" condition-coverage="0% (0/2)" hits="0" missing-branches="142,144" number="141"/>
						<line branch="true" condition-coverage="0% (0/2)" hits="0" missing-branches="141,143" number="142"/>
						<line hits="0" number="143"/>
						<line hits="0" number="144"/>
						<line branch="true" condition-coverage="0% (0/2)" hits="0" missing-branches="146,150" number="145"/>
						<line hits="0" number="146"/>
						<line hits="0" number="148"/>
						<line hits="0" number="150"/>
						<line hits="0" number="151"/>
						<line branch="true" condition-coverage="0% (0/2)" hits="0" missing-branches="exit,exit" number="153"/>
						<line hits="0" number="155"/>
						<line hits="0" number="156"/>
						<line hits="0" number="159"/>
						<line hits="0" number="161"/>
						<line hits="0" number="164"/>
						<line hits="0" number="175"/>
						<line hits="0" number="176"/>
						<line hits="0" number="178"/>
						<line hits="0" number="179"/>
						<line hits="0" number="180"/>
						<line hits="0" number="181"/>
						<line hits="0" number="183"/>
						<line hits="0" number="184"/>
						<line branch="true" condition-coverage="0% (0/2)" hits="0" missing-branches="186,188" number="185"/>
						<line hits="0" number="186"/>
						<line hits="0" number="188"/>
						<line hits="0" number="189"/>
					</lines>
				</class>
				<class branch-rate="1" complexity="0" filename="signalmanager.py" line-rate="0" name="signalmanager.py">
					<methods/>
					<lines>
						<line hits="0" number="1"/>
						<line hits="0" number="2"/>
						<line hits="0" number="5"/>
						<line hits="0" number="7"/>
						<line hits="0" number="8"/>
						<line hits="0" number="10"/>
						<line hits="0" number="24"/>
						<line hits="0" number="25"/>
						<line hits="0" number="27"/>
						<line hits="0" number="33"/>
						<line hits="0" number="34"/>
						<line hits="0" number="36"/>
						<line hits="0" number="43"/>
						<line hits="0" number="44"/>
						<line hits="0" number="46"/>
						<line hits="0" number="57"/>
						<line hits="0" number="58"/>
						<line hits="0" number="60"/>
						<line hits="0" number="67"/>
						<line hits="0" number="68"/>
					</lines>
				</class>
				<class branch-rate="1" complexity="0" filename="signals.py" line-rate="1" name="signals.py">
					<methods/>
					<lines>
						<line hits="1" number="8"/>
						<line hits="1" number="9"/>
						<line hits="1" number="10"/>
						<line hits="1" number="11"/>
						<line hits="1" number="12"/>
						<line hits="1" number="13"/>
						<line hits="1" number="14"/>
						<line hits="1" number="15"/>
						<line hits="1" number="16"/>
						<line hits="1" number="17"/>
						<line hits="1" number="18"/>
						<line hits="1" number="19"/>
						<line hits="1" number="20"/>
						<line hits="1" number="21"/>
						<line hits="1" number="22"/>
						<line hits="1" number="23"/>
						<line hits="1" number="26"/>
						<line hits="1" number="27"/>
						<line hits="1" number="28"/>
						<line hits="1" number="30"/>
						<line hits="1" number="32"/>
					</lines>
				</class>
				<class branch-rate="0" complexity="0" filename="spiderloader.py" line-rate="0" name="spiderloader.py">
					<methods/>
					<lines>
						<line hits="0" number="1"/>
						<line hits="0" number="2"/>
						<line hits="0" number="3"/>
						<line hits="0" number="5"/>
						<line hits="0" number="7"/>
						<line hits="0" number="8"/>
						<line hits="0" number="9"/>
						<line branch="true" condition-coverage="0% (0/2)" hits="0" missing-branches="exit,14" number="12"/>
						<line hits="0" number="19"/>
						<line hits="0" number="20"/>
						<line hits="0" number="21"/>
						<line hits="0" number="22"/>
						<line hits="0" number="23"/>
						<line hits="0" number="24"/>
						<line hits="0" number="26"/>
						<line hits="0" number="27"/>
						<line branch="true" condition-coverage="0% (0/2)" hits="0" missing-branches="29,35" number="28"/>
						<line branch="true" condition-coverage="0% (0/2)" hits="0" missing-branches="exit,28" number="29"/>
						<line branch="true" condition-coverage="0% (0/2)" hits="0" missing-branches="exit,36" number="35"/>
						<line hits="0" number="36"/>
						<line hits="0" number="37"/>
						<line hits="0" number="43"/>
						<line branch="true" condition-coverage="0% (0/2)" hits="0" missing-branches="exit,45" number="44"/>
						<line hits="0" number="45"/>
						<line hits="0" number="46"/>
						<line hits="0" number="48"/>
						<line branch="true" condition-coverage="0% (0/2)" hits="0" missing-branches="50,63" number="49"/>
						<line hits="0" number="50"/>
						<line branch="true" condition-coverage="0% (0/2)" hits="0" missing-branches="49,52" number="51"/>
						<line hits="0" number="52"/>
						<line hits="0" number="53"/>
						<line branch="true" condition-coverage="0% (0/2)" hits="0" missing-branches="55,62" number="54"/>
						<line hits="0" number="55"/>
						<line hits="0" number="62"/>
						<line hits="0" number="63"/>
						<line hits="0" number="65"/>
						<line hits="0" number="67"/>
						<line hits="0" number="69"/>
						<line hits="0" number="74"/>
						<line hits="0" number="75"/>
						<line hits="0" number="76"/>
						<line hits="0" number="77"/>
						<line hits="0" number="79"/>
						<line branch="true" condition-coverage="0% (0/2)" hits="0" missing-branches="exit,exit" number="83"/>
						<line hits="0" number="88"/>
						<line hits="0" number="92"/>
					</lines>
				</class>
				<class branch-rate="0" complexity="0" filename="squeues.py" line-rate="0" name="squeues.py">
					<methods/>
					<lines>
						<line hits="0" number="5"/>
						<line hits="0" number="6"/>
						<line hits="0" number="7"/>
						<line hits="0" number="9"/>
						<line hits="0" number="11"/>
						<line hits="0" number="14"/>
						<line hits="0" number="16"/>
						<line hits="0" number="18"/>
						<line hits="0" number="19"/>
						<line branch="true" condition-coverage="0% (0/2)" hits="0" missing-branches="21,23" number="20"/>
						<line hits="0" number="21"/>
						<line hits="0" number="23"/>
						<line hits="0" number="25"/>
						<line hits="0" number="28"/>
						<line hits="0" number="30"/>
						<line hits="0" number="32"/>
						<line hits="0" number="33"/>
						<line hits="0" number="34"/>
						<line hits="0" number="36"/>
						<line hits="0" number="37"/>
						<line branch="true" condition-coverage="0% (0/2)" hits="0" missing-branches="exit,39" number="38"/>
						<line hits="0" number="39"/>
						<line hits="0" number="41"/>
						<line hits="0" number="44"/>
						<line hits="0" number="46"/>
						<line hits="0" number="48"/>
						<line hits="0" number="49"/>
						<line hits="0" number="50"/>
						<line hits="0" number="52"/>
						<line hits="0" number="54"/>
						<line hits="0" number="56"/>
						<line hits="0" number="57"/>
						<line hits="0" number="58"/>
						<line hits="0" number="60"/>
						<line hits="0" number="61"/>
						<line branch="true" condition-coverage="0% (0/2)" hits="0" missing-branches="64,66" number="63"/>
						<line hits="0" number="64"/>
						<line hits="0" number="66"/>
						<line hits="0" number="67"/>
						<line hits="0" number="69"/>
						<line hits="0" number="72"/>
						<line hits="0" number="74"/>
						<line hits="0" number="75"/>
						<line hits="0" number="77"/>
						<line hits="0" number="79"/>
						<line hits="0" number="82"/>
						<line hits="0" number="83"/>
						<line hits="0" number="84"/>
						<line hits="0" number="87"/>
						<line hits="0" number="88"/>
						<line hits="0" number="91"/>
						<line hits="0" number="96"/>
						<line hits="0" number="101"/>
						<line hits="0" number="106"/>
						<line hits="0" number="112"/>
						<line hits="0" number="115"/>
						<line hits="0" number="118"/>
						<line hits="0" number="121"/>
						<line hits="0" number="124"/>
						<line hits="0" number="125"/>
					</lines>
				</class>
				<class branch-rate="0" complexity="0" filename="statscollectors.py" line-rate="0" name="statscollectors.py">
					<methods/>
					<lines>
						<line hits="0" number="4"/>
						<line hits="0" number="5"/>
						<line hits="0" number="7"/>
						<line hits="0" number="10"/>
						<line hits="0" number="12"/>
						<line hits="0" number="13"/>
						<line hits="0" number="14"/>
						<line hits="0" number="16"/>
						<line hits="0" number="17"/>
						<line hits="0" number="19"/>
						<line hits="0" number="20"/>
						<line hits="0" number="22"/>
						<line hits="0" number="23"/>
						<line hits="0" number="25"/>
						<line hits="0" number="26"/>
						<line hits="0" number="28"/>
						<line hits="0" number="29"/>
						<line hits="0" number="30"/>
						<line hits="0" number="32"/>
						<line hits="0" number="33"/>
						<line hits="0" number="35"/>
						<line hits="0" number="36"/>
						<line hits="0" number="38"/>
						<line hits="0" number="39"/>
						<line hits="0" number="41"/>
						<line hits="0" number="42"/>
						<line hits="0" number="44"/>
						<line branch="true" condition-coverage="0% (0/2)" hits="0" missing-branches="46,48" number="45"/>
						<line hits="0" number="46"/>
						<line hits="0" number="48"/>
						<line hits="0" number="50"/>
						<line hits="0" number="51"/>
						<line hits="0" number="54"/>
						<line hits="0" number="56"/>
						<line hits="0" number="57"/>
						<line hits="0" number="58"/>
						<line hits="0" number="60"/>
						<line hits="0" number="61"/>
						<line hits="0" number="64"/>
						<line hits="0" number="66"/>
						<line hits="0" number="67"/>
						<line hits="0" number="69"/>
						<line hits="0" number="70"/>
						<line hits="0" number="72"/>
						<line hits="0" number="73"/>
						<line hits="0" number="75"/>
						<line hits="0" number="76"/>
						<line hits="0" number="78"/>
						<line hits="0" number="79"/>
						<line hits="0" number="81"/>
						<line hits="0" number="82"/>
					</lines>
				</class>
			</classes>
		</package>
		<package branch-rate="0" complexity="0" line-rate="0" name="commands">
			<classes>
				<class branch-rate="0" complexity="0" filename="commands/__init__.py" line-rate="0" name="__init__.py">
					<methods/>
					<lines>
						<line hits="0" number="4"/>
						<line hits="0" number="5"/>
						<line hits="0" number="6"/>
						<line hits="0" number="8"/>
						<line hits="0" number="9"/>
						<line hits="0" number="12"/>
						<line hits="0" number="14"/>
						<line hits="0" number="15"/>
						<line hits="0" number="18"/>
						<line hits="0" number="20"/>
						<line hits="0" number="22"/>
						<line hits="0" number="23"/>
						<line hits="0" number="25"/>
						<line branch="true" condition-coverage="0% (0/2)" hits="0" missing-branches="27,28" number="26"/>
						<line hits="0" number="27"/>
						<line hits="0" number="28"/>
						<line hits="0" number="30"/>
						<line hits="0" number="34"/>
						<line hits="0" number="36"/>
						<line hits="0" number="40"/>
						<line hits="0" number="42"/>
						<line hits="0" number="47"/>
						<line hits="0" number="49"/>
						<line hits="0" number="54"/>
						<line hits="0" number="56"/>
						<line hits="0" number="60"/>
						<line hits="0" number="61"/>
						<line hits="0" number="63"/>
						<line hits="0" number="65"/>
						<line hits="0" number="67"/>
						<line hits="0" number="69"/>
						<line hits="0" number="71"/>
						<line hits="0" number="73"/>
						<line hits="0" number="75"/>
						<line hits="0" number="77"/>
						<line hits="0" number="78"/>
						<line hits="0" number="79"/>
						<line hits="0" number="81"/>
						<line hits="0" number="82"/>
						<line branch="true" condition-coverage="0% (0/2)" hits="0" missing-branches="85,88" number="84"/>
						<line hits="0" number="85"/>
						<line hits="0" number="86"/>
						<line branch="true" condition-coverage="0% (0/2)" hits="0" missing-branches="89,92" number="88"/>
						<line hits="0" number="89"/>
						<line hits="0" number="90"/>
						<line branch="true" condition-coverage="0% (0/2)" hits="0" missing-branches="93,95" number="92"/>
						<line hits="0" number="93"/>
						<line branch="true" condition-coverage="0% (0/2)" hits="0" missing-branches="96,99" number="95"/>
						<line hits="0" number="96"/>
						<line hits="0" number="97"/>
						<line branch="true" condition-coverage="0% (0/2)" hits="0" missing-branches="exit,100" number="99"/>
						<line hits="0" number="100"/>
						<line hits="0" number="102"/>
						<line hits="0" number="106"/>
						<line hits="0" number="109"/>
						<line hits="0" number="113"/>
						<line hits="0" number="114"/>
						<line hits="0" number="115"/>
						<line hits="0" number="117"/>
						<line hits="0" number="119"/>
						<line hits="0" number="121"/>
						<line hits="0" number="124"/>
						<line hits="0" number="125"/>
						<line hits="0" number="126"/>
						<line hits="0" number="127"/>
						<line hits="0" number="128"/>
						<line hits="0" number="129"/>
						<line branch="true" condition-coverage="0% (0/2)" hits="0" missing-branches="exit,131" number="130"/>
						<line hits="0" number="131"/>
						<line hits="0" number="137"/>
					</lines>
				</class>
				<class branch-rate="0" complexity="0" filename="commands/bench.py" line-rate="0" name="bench.py">
					<methods/>
					<lines>
						<line hits="0" number="1"/>
						<line hits="0" number="2"/>
						<line hits="0" number="3"/>
						<line hits="0" number="4"/>
						<line hits="0" number="6"/>
						<line hits="0" number="7"/>
						<line hits="0" number="8"/>
						<line hits="0" number="11"/>
						<line hits="0" number="13"/>
						<line hits="0" number="19"/>
						<line hits="0" number="20"/>
						<line hits="0" number="22"/>
						<line hits="0" number="23"/>
						<line hits="0" number="24"/>
						<line hits="0" number="25"/>
						<line hits="0" number="28"/>
						<line hits="0" number="30"/>
						<line hits="0" number="31"/>
						<line hits="0" number="32"/>
						<line hits="0" number="33"/>
						<line hits="0" number="35"/>
						<line hits="0" number="37"/>
						<line hits="0" number="38"/>
						<line hits="0" number="39"/>
						<line hits="0" number="40"/>
						<line hits="0" number="43"/>
						<line hits="0" number="45"/>
						<line hits="0" number="46"/>
						<line hits="0" number="47"/>
						<line hits="0" number="48"/>
						<line hits="0" number="49"/>
						<line hits="0" number="51"/>
						<line hits="0" number="52"/>
						<line hits="0" number="53"/>
						<line hits="0" number="54"/>
						<line hits="0" number="56"/>
						<line branch="true" condition-coverage="0% (0/2)" hits="0" missing-branches="exit,58" number="57"/>
						<line hits="0" number="58"/>
					</lines>
				</class>
				<class branch-rate="0" complexity="0" filename="commands/check.py" line-rate="0" name="check.py">
					<methods/>
					<lines>
						<line hits="0" number="1"/>
						<line hits="0" number="2"/>
						<line hits="0" number="3"/>
						<line hits="0" number="5"/>
						<line hits="0" number="6"/>
						<line hits="0" number="7"/>
						<line hits="0" number="8"/>
						<line hits="0" number="11"/>
						<line hits="0" number="12"/>
						<line hits="0" number="13"/>
						<line hits="0" number="14"/>
						<line hits="0" number="16"/>
						<line hits="0" number="17"/>
						<line hits="0" number="19"/>
						<line hits="0" number="20"/>
						<line hits="0" number="21"/>
						<line hits="0" number="23"/>
						<line branch="true" condition-coverage="0% (0/2)" hits="0" missing-branches="25,32" number="24"/>
						<line hits="0" number="25"/>
						<line hits="0" number="26"/>
						<line branch="true" condition-coverage="0% (0/2)" hits="0" missing-branches="28,29" number="27"/>
						<line hits="0" number="28"/>
						<line branch="true" condition-coverage="0% (0/2)" hits="0" missing-branches="30,34" number="29"/>
						<line hits="0" number="30"/>
						<line hits="0" number="32"/>
						<line branch="true" condition-coverage="0% (0/2)" hits="0" missing-branches="35,37" number="34"/>
						<line hits="0" number="35"/>
						<line hits="0" number="37"/>
						<line hits="0" number="40"/>
						<line hits="0" number="41"/>
						<line hits="0" number="42"/>
						<line hits="0" number="44"/>
						<line hits="0" number="45"/>
						<line hits="0" number="47"/>
						<line hits="0" number="48"/>
						<line hits="0" number="50"/>
						<line hits="0" number="51"/>
						<line hits="0" number="52"/>
						<line hits="0" number="54"/>
						<line hits="0" number="57"/>
						<line hits="0" number="59"/>
						<line branch="true" condition-coverage="0% (0/2)" hits="0" missing-branches="exit,61" number="60"/>
						<line hits="0" number="61"/>
						<line hits="0" number="62"/>
						<line hits="0" number="65"/>
						<line hits="0" number="67"/>
						<line hits="0" number="69"/>
						<line branch="true" condition-coverage="0% (0/2)" hits="0" missing-branches="71,82" number="70"/>
						<line hits="0" number="71"/>
						<line branch="true" condition-coverage="0% (0/2)" hits="0" missing-branches="exit,74" number="72"/>
						<line hits="0" number="74"/>
						<line branch="true" condition-coverage="0% (0/2)" hits="0" missing-branches="76,78" number="75"/>
[...]
						<line hits="0" number="28"/>
						<line branch="true" condition-coverage="0% (0/2)" hits="0" missing-branches="30,31" number="29"/>
						<line hits="0" number="30"/>
						<line branch="true" condition-coverage="0% (0/2)" hits="0" missing-branches="32,33" number="31"/>
						<line hits="0" number="32"/>
						<line branch="true" condition-coverage="0% (0/2)" hits="0" missing-branches="34,36" number="33"/>
						<line hits="0" number="34"/>
						<line hits="0" number="36"/>
						<line hits="0" number="39"/>
						<line hits="0" number="40"/>
					</lines>
				</class>
				<class branch-rate="0" complexity="0" filename="utils/signal.py" line-rate="0" name="signal.py">
					<methods/>
					<lines>
						<line hits="0" number="3"/>
						<line hits="0" number="5"/>
						<line hits="0" number="6"/>
						<line hits="0" number="8"/>
						<line hits="0" number="9"/>
						<line hits="0" number="11"/>
						<line hits="0" number="12"/>
						<line hits="0" number="13"/>
						<line hits="0" number="16"/>
						<line hits="0" number="19"/>
						<line hits="0" number="20"/>
						<line hits="0" number="23"/>
						<line hits="0" number="27"/>
						<line hits="0" number="28"/>
						<line hits="0" number="29"/>
						<line branch="true" condition-coverage="0% (0/2)" hits="0" missing-branches="31,46" number="30"/>
						<line hits="0" number="31"/>
						<line hits="0" number="32"/>
						<line branch="true" condition-coverage="0% (0/2)" hits="0" missing-branches="34,44" number="33"/>
						<line hits="0" number="34"/>
						<line branch="true" condition-coverage="0% (0/2)" hits="0" missing-branches="37,38" number="36"/>
						<line hits="0" number="37"/>
						<line hits="0" number="38"/>
						<line hits="0" number="39"/>
						<line hits="0" number="40"/>
						<line hits="0" number="44"/>
						<line hits="0" number="45"/>
						<line hits="0" number="46"/>
						<line hits="0" number="49"/>
						<line hits="0" number="54"/>
						<line branch="true" condition-coverage="0% (0/2)" hits="0" missing-branches="56,60" number="55"/>
						<line hits="0" number="56"/>
						<line hits="0" number="60"/>
						<line hits="0" number="62"/>
						<line hits="0" number="63"/>
						<line hits="0" number="64"/>
						<line branch="true" condition-coverage="0% (0/2)" hits="0" missing-branches="66,70" number="65"/>
						<line hits="0" number="66"/>
						<line hits="0" number="67"/>
						<line branch="true" condition-coverage="0% (0/2)" hits="0" missing-branches="exit,69" number="68"/>
						<line hits="0" number="69"/>
						<line hits="0" number="70"/>
						<line branch="true" condition-coverage="0% (0/2)" hits="0" missing-branches="exit,72" number="71"/>
						<line hits="0" number="72"/>
						<line hits="0" number="75"/>
						<line branch="true" condition-coverage="0% (0/2)" hits="0" missing-branches="exit,80" number="79"/>
						<line hits="0" number="80"/>
					</lines>
				</class>
				<class branch-rate="0" complexity="0" filename="utils/sitemap.py" line-rate="0.24" name="sitemap.py">
					<methods/>
					<lines>
						<line hits="1" number="8"/>
						<line hits="1" number="10"/>
						<line hits="1" number="13"/>
						<line hits="1" number="17"/>
						<line hits="0" number="18"/>
						<line hits="0" number="19"/>
						<line hits="0" number="20"/>
						<line hits="0" number="21"/>
						<line hits="1" number="23"/>
						<line branch="true" condition-coverage="0% (0/2)" hits="0" missing-branches="exit,25" number="24"/>
						<line hits="0" number="25"/>
						<line branch="true" condition-coverage="0% (0/2)" hits="0" missing-branches="27,36" number="26"/>
						<line hits="0" number="27"/>
						<line hits="0" number="28"/>
						<line branch="true" condition-coverage="0% (0/2)" hits="0" missing-branches="31,34" number="30"/>
						<line branch="true" condition-coverage="0% (0/2)" hits="0" missing-branches="26,32" number="31"/>
						<line hits="0" number="32"/>
						<line hits="0" number="34"/>
						<line branch="true" condition-coverage="0% (0/2)" hits="0" missing-branches="24,37" number="36"/>
						<line hits="0" number="37"/>
						<line hits="1" number="40"/>
						<line branch="true" condition-coverage="0% (0/2)" hits="0" missing-branches="exit,45" number="44"/>
						<line branch="true" condition-coverage="0% (0/2)" hits="0" missing-branches="44,46" number="45"/>
						<line hits="0" number="46"/>
						<line hits="0" number="47"/>
					</lines>
				</class>
				<class branch-rate="0" complexity="0" filename="utils/spider.py" line-rate="0.3636" name="spider.py">
					<methods/>
					<lines>
						<line hits="1" number="1"/>
						<line hits="1" number="2"/>
						<line hits="1" number="4"/>
						<line hits="1" number="5"/>
						<line hits="1" number="6"/>
						<line hits="1" number="7"/>
						<line hits="1" number="10"/>
						<line hits="1" number="13"/>
						<line branch="true" condition-coverage="0% (0/2)" hits="0" missing-branches="15,18" number="14"/>
						<line hits="0" number="15"/>
						<line hits="0" number="16"/>
						<line hits="0" number="17"/>
						<line branch="true" condition-coverage="0% (0/2)" hits="0" missing-branches="19,22" number="18"/>
						<line hits="0" number="19"/>
						<line hits="0" number="20"/>
						<line hits="0" number="21"/>
						<line hits="0" number="22"/>
						<line hits="1" number="25"/>
						<line hits="0" number="31"/>
						<line branch="true" condition-coverage="0% (0/2)" hits="0" missing-branches="exit,34" number="33"/>
						<line branch="true" condition-coverage="0% (0/2)" hits="0" missing-branches="33,40" number="34"/>
						<line hits="0" number="40"/>
						<line hits="1" number="43"/>
						<line hits="0" number="55"/>
						<line branch="true" condition-coverage="0% (0/2)" hits="0" missing-branches="57,59" number="56"/>
						<line hits="0" number="57"/>
						<line branch="true" condition-coverage="0% (0/2)" hits="0" missing-branches="60,63" number="59"/>
						<line hits="0" number="60"/>
						<line branch="true" condition-coverage="0% (0/2)" hits="0" missing-branches="64,67" number="63"/>
						<line hits="0" number="64"/>
						<line hits="0" number="67"/>
						<line hits="1" number="70"/>
						<line hits="1" number="71"/>
					</lines>
				</class>
				<class branch-rate="0" complexity="0" filename="utils/ssl.py" line-rate="0" name="ssl.py">
					<methods/>
					<lines>
						<line hits="0" number="1"/>
						<line hits="0" number="2"/>
						<line hits="0" number="4"/>
						<line hits="0" number="9"/>
						<line hits="0" number="12"/>
						<line hits="0" number="13"/>
						<line hits="0" number="16"/>
						<line hits="0" number="18"/>
						<line hits="0" number="19"/>
						<line hits="0" number="21"/>
						<line hits="0" number="24"/>
						<line branch="true" condition-coverage="0% (0/2)" hits="0" missing-branches="26,29" number="25"/>
						<line hits="0" number="26"/>
						<line hits="0" number="29"/>
						<line branch="true" condition-coverage="0% (0/2)" hits="0" missing-branches="31,32" number="30"/>
						<line hits="0" number="31"/>
						<line hits="0" number="32"/>
						<line branch="true" condition-coverage="0% (0/2)" hits="0" missing-branches="34,35" number="33"/>
						<line hits="0" number="34"/>
						<line hits="0" number="35"/>
						<line hits="0" number="36"/>
						<line hits="0" number="37"/>
						<line branch="true" condition-coverage="0% (0/2)" hits="0" missing-branches="39,40" number="38"/>
						<line hits="0" number="39"/>
						<line branch="true" condition-coverage="0% (0/2)" hits="0" missing-branches="41,42" number="40"/>
						<line hits="0" number="41"/>
						<line branch="true" condition-coverage="0% (0/2)" hits="0" missing-branches="43,52" number="42"/>
						<line hits="0" number="43"/>
						<line hits="0" number="44"/>
						<line hits="0" number="45"/>
						<line hits="0" number="46"/>
						<line hits="0" number="47"/>
						<line branch="true" condition-coverage="0% (0/2)" hits="0" missing-branches="49,50" number="48"/>
						<line hits="0" number="49"/>
						<line hits="0" number="50"/>
						<line hits="0" number="52"/>
						<line hits="0" number="53"/>
						<line hits="0" number="54"/>
						<line hits="0" number="57"/>
						<line hits="0" number="58"/>
						<line hits="0" number="61"/>
					</lines>
				</class>
				<class branch-rate="0" complexity="0" filename="utils/template.py" line-rate="0" name="template.py">
					<methods/>
					<lines>
						<line hits="0" number="3"/>
						<line hits="0" number="4"/>
						<line hits="0" number="5"/>
						<line hits="0" number="8"/>
						<line hits="0" number="9"/>
						<line hits="0" number="10"/>
						<line hits="0" number="12"/>
						<line hits="0" number="14"/>
						<line branch="true" condition-coverage="0% (0/2)" hits="0" missing-branches="17,19" number="16"/>
						<line hits="0" number="17"/>
						<line hits="0" number="19"/>
						<line hits="0" number="20"/>
						<line hits="0" number="23"/>
						<line hits="0" number="26"/>
						<line hits="0" number="36"/>
					</lines>
				</class>
				<class branch-rate="0" complexity="0" filename="utils/test.py" line-rate="0" name="test.py">
					<methods/>
					<lines>
						<line hits="0" number="5"/>
						<line hits="0" number="6"/>
						<line hits="0" number="7"/>
						<line hits="0" number="8"/>
						<line hits="0" number="10"/>
						<line hits="0" number="11"/>
						<line hits="0" number="13"/>
						<line hits="0" number="16"/>
						<line branch="true" condition-coverage="0% (0/2)" hits="0" missing-branches="exit,18" number="17"/>
						<line hits="0" number="18"/>
						<line hits="0" number="21"/>
						<line branch="true" condition-coverage="0% (0/2)" hits="0" missing-branches="exit,23" number="22"/>
						<line hits="0" number="23"/>
						<line hits="0" number="26"/>
						<line hits="0" number="27"/>
						<line hits="0" number="28"/>
						<line hits="0" number="29"/>
						<line hits="0" number="30"/>
						<line hits="0" number="31"/>
						<line hits="0" number="32"/>
						<line hits="0" number="33"/>
						<line hits="0" number="34"/>
						<line hits="0" number="37"/>
						<line hits="0" number="40"/>
						<line hits="0" number="41"/>
						<line hits="0" number="42"/>
						<line hits="0" number="43"/>
						<line branch="true" condition-coverage="0% (0/2)" hits="0" missing-branches="45,46" number="44"/>
						<line hits="0" number="45"/>
						<line hits="0" number="46"/>
						<line hits="0" number="48"/>
						<line hits="0" number="49"/>
						<line hits="0" number="50"/>
						<line hits="0" number="51"/>
						<line hits="0" number="52"/>
						<line hits="0" number="53"/>
						<line hits="0" number="54"/>
						<line hits="0" number="57"/>
						<line hits="0" number="62"/>
						<line hits="0" number="63"/>
						<line hits="0" number="65"/>
						<line hits="0" number="66"/>
						<line hits="0" number="69"/>
						<line hits="0" number="72"/>
						<line hits="0" number="73"/>
						<line hits="0" number="76"/>
						<line hits="0" number="80"/>
						<line hits="0" number="81"/>
						<line hits="0" number="82"/>
						<line hits="0" number="85"/>
						<line hits="0" number="89"/>
						<line hits="0" number="92"/>
						<line hits="0" number="93"/>
						<line hits="0" number="94"/>
						<line hits="0" number="95"/>
						<line hits="0" number="96"/>
						<line hits="0" number="99"/>
						<line hits="0" number="103"/>
						<line hits="0" number="104"/>
						<line hits="0" number="106"/>
						<line hits="0" number="107"/>
						<line hits="0" number="109"/>
						<line hits="0" number="110"/>
						<line hits="0" number="112"/>
					</lines>
				</class>
				<class branch-rate="0" complexity="0" filename="utils/testproc.py" line-rate="0" name="testproc.py">
					<methods/>
					<lines>
						<line hits="0" number="1"/>
						<line hits="0" number="2"/>
						<line hits="0" number="4"/>
						<line hits="0" number="7"/>
						<line hits="0" number="9"/>
						<line hits="0" number="10"/>
						<line hits="0" number="11"/>
						<line hits="0" number="13"/>
						<line hits="0" number="14"/>
						<line hits="0" number="15"/>
						<line branch="true" condition-coverage="0% (0/2)" hits="0" missing-branches="17,18" number="16"/>
						<line hits="0" number="17"/>
						<line hits="0" number="18"/>
						<line hits="0" number="19"/>
						<line hits="0" number="20"/>
						<line hits="0" number="21"/>
						<line hits="0" number="22"/>
						<line hits="0" number="24"/>
						<line branch="true" condition-coverage="0% (0/2)" hits="0" missing-branches="26,31" number="25"/>
						<line hits="0" number="26"/>
						<line hits="0" number="27"/>
						<line hits="0" number="28"/>
						<line hits="0" number="29"/>
						<line hits="0" number="30"/>
						<line hits="0" number="31"/>
						<line hits="0" number="34"/>
						<line hits="0" number="36"/>
						<line hits="0" number="37"/>
						<line hits="0" number="38"/>
						<line hits="0" number="39"/>
						<line hits="0" number="40"/>
						<line hits="0" number="42"/>
						<line hits="0" number="43"/>
						<line hits="0" number="45"/>
						<line hits="0" number="46"/>
						<line hits="0" number="48"/>
						<line hits="0" number="49"/>
						<line hits="0" number="50"/>
					</lines>
				</class>
				<class branch-rate="0" complexity="0" filename="utils/testsite.py" line-rate="0" name="testsite.py">
					<methods/>
					<lines>
						<line hits="0" number="1"/>
						<line hits="0" number="3"/>
						<line hits="0" number="6"/>
						<line hits="0" number="8"/>
						<line hits="0" number="9"/>
						<line hits="0" number="10"/>
						<line hits="0" number="11"/>
						<line hits="0" number="12"/>
						<line hits="0" number="14"/>
						<line hits="0" number="15"/>
						<line hits="0" number="16"/>
						<line hits="0" number="18"/>
						<line hits="0" number="19"/>
						<line hits="0" number="22"/>
						<line hits="0" number="23"/>
						<line hits="0" number="24"/>
						<line hits="0" number="25"/>
						<line hits="0" number="29"/>
						<line hits="0" number="30"/>
						<line hits="0" number="31"/>
						<line hits="0" number="32"/>
						<line hits="0" number="33"/>
						<line hits="0" number="34"/>
						<line hits="0" number="35"/>
						<line hits="0" number="36"/>
						<line hits="0" number="37"/>
						<line branch="true" condition-coverage="0% (0/2)" hits="0" missing-branches="exit,41" number="40"/>
						<line hits="0" number="41"/>
						<line hits="0" number="42"/>
						<line hits="0" number="43"/>
						<line hits="0" number="44"/>
					</lines>
				</class>
				<class branch-rate="0" complexity="0" filename="utils/trackref.py" line-rate="0.4571" name="trackref.py">
					<methods/>
					<lines>
						<line hits="1" number="12"/>
						<line hits="1" number="13"/>
						<line hits="1" number="14"/>
						<line hits="1" number="15"/>
						<line hits="1" number="18"/>
						<line hits="1" number="19"/>
						<line hits="1" number="22"/>
						<line hits="1" number="25"/>
						<line hits="1" number="27"/>
						<line hits="1" number="28"/>
						<line hits="1" number="29"/>
						<line hits="1" number="30"/>
						<line hits="1" number="33"/>
						<line hits="0" number="35"/>
						<line hits="0" number="36"/>
						<line branch="true" condition-coverage="0% (0/3)" hits="0" missing-branches="exit,39,45" number="37"/>
						<line branch="true" condition-coverage="0% (0/2)" hits="0" missing-branches="40,41" number="39"/>
						<line hits="0" number="40"/>
						<line branch="true" condition-coverage="0% (0/2)" hits="0" missing-branches="42,43" number="41"/>
						<line hits="0" number="42"/>
						<line hits="0" number="43"/>
						<line hits="0" number="44"/>
						<line hits="0" number="45"/>
						<line hits="1" number="48"/>
						<line hits="0" number="50"/>
						<line hits="1" number="53"/>
						<line branch="true" condition-coverage="0% (0/2)" hits="0" missing-branches="exit,56" number="55"/>
						<line branch="true" condition-coverage="0% (0/2)" hits="0" missing-branches="55,57" number="56"/>
						<line branch="true" condition-coverage="0% (0/2)" hits="0" missing-branches="58,59" number="57"/>
						<line hits="0" number="58"/>
						<line hits="0" number="59"/>
						<line hits="1" number="62"/>
						<line branch="true" condition-coverage="0% (0/2)" hits="0" missing-branches="exit,65" number="64"/>
						<line branch="true" condition-coverage="0% (0/2)" hits="0" missing-branches="64,66" number="65"/>
						<line hits="0" number="66"/>
					</lines>
				</class>
				<class branch-rate="0.1" complexity="0" filename="utils/url.py" line-rate="0.4118" name="url.py">
					<methods/>
					<lines>
						<line hits="1" number="8"/>
						<line hits="1" number="9"/>
						<line hits="1" number="10"/>
						<line hits="1" number="14"/>
						<line hits="1" number="15"/>
						<line hits="1" number="16"/>
						<line hits="1" number="19"/>
						<line hits="0" number="21"/>
						<line branch="true" condition-coverage="0% (0/2)" hits="0" missing-branches="23,24" number="22"/>
						<line hits="0" number="23"/>
						<line branch="true" condition-coverage="0% (0/2)" hits="0" missing-branches="exit,25" number="24"/>
						<line branch="true" condition-coverage="0% (0/2)" hits="0" missing-branches="exit,exit" number="25"/>
						<line hits="1" number="28"/>
						<line hits="0" number="30"/>
						<line hits="1" number="33"/>
						<line hits="0" number="34"/>
						<line hits="1" number="37"/>
						<line branch="true" condition-coverage="0% (0/2)" hits="0" missing-branches="42,43" number="41"/>
						<line hits="0" number="42"/>
						<line hits="0" number="43"/>
						<line hits="1" number="46"/>
						<line hits="1" number="69"/>
						<line branch="true" condition-coverage="100% (2/2)" hits="1" number="70"/>
						<line hits="1" number="71"/>
						<line hits="1" number="72"/>
						<line hits="1" number="75"/>
						<line hits="0" number="77"/>
						<line branch="true" condition-coverage="0% (0/2)" hits="0" missing-branches="79,83" number="78"/>
						<line hits="0" number="79"/>
						<line hits="0" number="80"/>
						<line hits="0" number="81"/>
						<line hits="0" number="83"/>
						<line hits="1" number="86"/>
						<line hits="0" number="87"/>
						<line hits="1" number="108"/>
						<line hits="0" number="109"/>
						<line hits="1" number="124"/>
						<line hits="0" number="125"/>
						<line hits="1" number="128"/>
						<line branch="true" condition-coverage="0% (0/2)" hits="0" missing-branches="132,133" number="131"/>
						<line hits="0" number="132"/>
						<line hits="0" number="133"/>
						<line hits="1" number="136"/>
						<line hits="0" number="148"/>
						<line hits="0" number="149"/>
						<line branch="true" condition-coverage="0% (0/2)" hits="0" missing-branches="151,152" number="150"/>
						<line hits="0" number="151"/>
						<line branch="true" condition-coverage="0% (0/2)" hits="0" missing-branches="153,157" number="152"/>
						<line branch="true" condition-coverage="0% (0/2)" hits="0" missing-branches="156,157" number="153"/>
						<line hits="0" number="156"/>
						<line hits="0" number="157"/>
					</lines>
				</class>
				<class branch-rate="1" complexity="0" filename="utils/versions.py" line-rate="0" name="versions.py">
					<methods/>
					<lines>
						<line hits="0" number="1"/>
						<line hits="0" number="2"/>
						<line hits="0" number="4"/>
						<line hits="0" number="5"/>
						<line hits="0" number="6"/>
						<line hits="0" number="7"/>
						<line hits="0" number="8"/>
						<line hits="0" number="9"/>
						<line hits="0" number="11"/>
						<line hits="0" number="12"/>
						<line hits="0" number="15"/>
						<line hits="0" number="16"/>
						<line hits="0" number="17"/>
						<line hits="0" number="19"/>
					</lines>
				</class>
			</classes>
		</package>
	</packages>
</coverage>
